Listening for transport dt_socket at address: 5001
2019-03-11 21:38:27.112: DNA 启动...开始
2019-03-11 21:38:27.113: DNA 启动...java version "1.8.0_111"
2019-03-11 21:38:27.113: DNA 启动...Java(TM) SE Runtime Environment (build 1.8.0_111-b14)
2019-03-11 21:38:27.113: DNA 启动...Java HotSpot(TM) 64-Bit Server VM (build 25.111-b14, mixed mode)
2019-03-11 21:38:27.116: DNA 启动...应用ID：40AE0441E7B2637452FCCB133FC1798D
2019-03-11 21:38:27.564: DNA 启动...注册JDBC驱动[MySQLDriver5]，驱动版本[5.1]
2019-03-11 21:38:27.679: DNA 启动...注册JDBC驱动[DB2Driver9]，驱动版本[3.1]
2019-03-11 21:38:27.783: DNA 启动...注册JDBC驱动[OracleDriver11]，驱动版本[11.1]
log4j:WARN No appenders could be found for logger (org.eclipse.jetty.util.log).
log4j:WARN Please initialize the log4j system properly.
2019-03-11 21:38:30.053: DNA 启动...实例化信息定义
2019-03-11 21:38:30.068: DNA 启动...装载多语言信息
2019-03-11 21:38:30.069: DNA 启动...准备启动站点
2019-03-11 21:38:30.069: DNA 启动...实例化表定义
2019-03-11 21:38:30.222: DNA 启动...确定表定义对其他元素的引用
2019-03-11 21:38:30.222: DNA 启动...实例化ORM定义
2019-03-11 21:38:30.274: DNA 启动...确定ORM定义对其他元素的引用
2019-03-11 21:38:30.274: DNA 启动...初始化ORM定义
2019-03-11 21:38:30.274: DNA 启动...实例化模型脚本引擎
2019-03-11 21:38:30.310: DNA 启动...初始化群集资源模式
2019-03-11 21:38:30.310: DNA 启动...实例化服务对象
2019-03-11 21:38:30.530: DNA 启动...注册服务调用器
2019-03-11 21:38:31.126: DNA 启动...确定资源定位信息
2019-03-11 21:38:31.126: DNA 启动...确定资源引用信息
2019-03-11 21:38:31.126: DNA 启动...初始化资源
2019-03-11 21:38:31.217: DNA 启动...半启用日志管理器
2019-03-11 21:38:31.218: DNA 启动...初始化服务
SLF4J: Failed to load class "org.slf4j.impl.StaticLoggerBinder".
SLF4J: Defaulting to no-operation (NOP) logger implementation
SLF4J: See http://www.slf4j.org/codes.html#StaticLoggerBinder for further details.
2019-03-11 21:38:31.315: DNA 启动...启用日志管理器
2019-03-11 21:38:31.316: DNA 启动...站点启动完成
2019-03-11 21:38:31.316: DNA 启动...完毕
osgi> java.lang.UnsupportedOperationException: 不允许通过其他线程访问上下文
	at com.jiuqi.dna.core.impl.ContextImpl.checkValid(ContextImpl.java:3596)
	at com.jiuqi.dna.core.impl.ContextImpl.doAsyncHandle(ContextImpl.java:421)
	at com.jiuqi.dna.core.impl.ContextImpl.asyncHandle(ContextImpl.java:475)
	at com.squarms.deploy.core.GeneralDeployMinaService.messageReceived(GeneralDeployMinaService.java:97)
	at org.apache.mina.core.filterchain.DefaultIoFilterChain$TailFilter.messageReceived(DefaultIoFilterChain.java:858)
	at org.apache.mina.core.filterchain.DefaultIoFilterChain.callNextMessageReceived(DefaultIoFilterChain.java:542)
	at org.apache.mina.core.filterchain.DefaultIoFilterChain.access$1300(DefaultIoFilterChain.java:48)
	at org.apache.mina.core.filterchain.DefaultIoFilterChain$EntryImpl$1.messageReceived(DefaultIoFilterChain.java:947)
	at org.apache.mina.filter.codec.ProtocolCodecFilter$ProtocolDecoderOutputImpl.flush(ProtocolCodecFilter.java:398)
	at org.apache.mina.filter.codec.ProtocolCodecFilter.messageReceived(ProtocolCodecFilter.java:234)
	at org.apache.mina.core.filterchain.DefaultIoFilterChain.callNextMessageReceived(DefaultIoFilterChain.java:542)
	at org.apache.mina.core.filterchain.DefaultIoFilterChain.access$1300(DefaultIoFilterChain.java:48)
	at org.apache.mina.core.filterchain.DefaultIoFilterChain$EntryImpl$1.messageReceived(DefaultIoFilterChain.java:947)
	at org.apache.mina.core.filterchain.IoFilterAdapter.messageReceived(IoFilterAdapter.java:109)
	at org.apache.mina.core.filterchain.DefaultIoFilterChain.callNextMessageReceived(DefaultIoFilterChain.java:542)
	at org.apache.mina.core.filterchain.DefaultIoFilterChain.fireMessageReceived(DefaultIoFilterChain.java:535)
	at org.apache.mina.core.polling.AbstractPollingIoProcessor.read(AbstractPollingIoProcessor.java:703)
	at org.apache.mina.core.polling.AbstractPollingIoProcessor.process(AbstractPollingIoProcessor.java:659)
	at org.apache.mina.core.polling.AbstractPollingIoProcessor.process(AbstractPollingIoProcessor.java:648)
	at org.apache.mina.core.polling.AbstractPollingIoProcessor.access$600(AbstractPollingIoProcessor.java:68)
	at org.apache.mina.core.polling.AbstractPollingIoProcessor$Processor.run(AbstractPollingIoProcessor.java:1120)
	at org.apache.mina.util.NamePreservingRunnable.run(NamePreservingRunnable.java:64)
	at java.util.concurrent.ThreadPoolExecutor.runWorker(ThreadPoolExecutor.java:1142)
	at java.util.concurrent.ThreadPoolExecutor$Worker.run(ThreadPoolExecutor.java:617)
	at java.lang.Thread.run(Thread.java:745)
java.lang.IllegalStateException: 等待结果超时
	at com.squarms.deploy.core.GeneralDeployMinaService.sendMessage(GeneralDeployMinaService.java:204)
	at com.squarms.deploy.core.RobotDeployMinaService.testAll(RobotDeployMinaService.java:83)
	at com.squarms.xoms.deploy.core.internal.service.RobotStatusService$RobotTestTaskHandler.handle(RobotStatusService.java:62)
	at com.squarms.xoms.deploy.core.internal.service.RobotStatusService$RobotTestTaskHandler.handle(RobotStatusService.java:1)
	at com.jiuqi.dna.core.resource.ResourceService$SimpleTaskMethodHandler.handle(ResourceService.java:1)
	at com.jiuqi.dna.core.impl.ServiceBase$TaskMethodHandler.handle(ServiceBase.java:1)
	at com.jiuqi.dna.core.impl.ContextImpl.serviceHandleTask(ContextImpl.java:349)
	at com.jiuqi.dna.core.impl.AsyncTaskImpl.workDoing(AsyncTaskImpl.java:146)
	at com.jiuqi.dna.core.spi.work.Work.doWork(Work.java:345)
	at com.jiuqi.dna.core.spi.work.WorkingThread.run(WorkingThread.java:44)
三月 11, 2019 9:42:26 下午 org.apache.http.impl.execchain.RetryExec execute
信息: I/O exception (java.net.SocketException) caught when processing request to {}->http://ip.taobao.com:80: Connection reset
三月 11, 2019 9:42:26 下午 org.apache.http.impl.execchain.RetryExec execute
信息: Retrying request to {}->http://ip.taobao.com:80
java.lang.RuntimeException: A JSONObject text must begin with '{' at 1 [character 2 line 1]
	at com.squarms.deploy.core.GeneralDeployMinaService.sendMessage(GeneralDeployMinaService.java:193)
	at com.squarms.xoms.deploy.core.internal.service.RobotStatusService$InvokeRobotTaskHandler.handle(RobotStatusService.java:81)
	at com.squarms.xoms.deploy.core.internal.service.RobotStatusService$InvokeRobotTaskHandler.handle(RobotStatusService.java:1)
	at com.jiuqi.dna.core.resource.ResourceService$SimpleTaskMethodHandler.handle(ResourceService.java:1)
	at com.jiuqi.dna.core.impl.ServiceBase$TaskMethodHandler.handle(ServiceBase.java:1)
	at com.jiuqi.dna.core.impl.ContextImpl.serviceHandleTask(ContextImpl.java:349)
	at com.jiuqi.dna.core.impl.ContextImpl.handle(ContextImpl.java:389)
	at com.jiuqi.dna.core.impl.ContextImpl.handle(ContextImpl.java:406)
	at com.squarms.xoms.deploy.core.internal.service.RobotStatusService$AutoResetRobotTaskHandler.handle(RobotStatusService.java:145)
	at com.squarms.xoms.deploy.core.internal.service.RobotStatusService$AutoResetRobotTaskHandler.handle(RobotStatusService.java:1)
	at com.jiuqi.dna.core.resource.ResourceService$SimpleTaskMethodHandler.handle(ResourceService.java:1)
	at com.jiuqi.dna.core.impl.ServiceBase$TaskMethodHandler.handle(ServiceBase.java:1)
	at com.jiuqi.dna.core.impl.ContextImpl.serviceHandleTask(ContextImpl.java:349)
	at com.jiuqi.dna.core.impl.AsyncTaskImpl.workDoing(AsyncTaskImpl.java:146)
	at com.jiuqi.dna.core.spi.work.Work.doWork(Work.java:345)
	at com.jiuqi.dna.core.spi.work.WorkingThread.run(WorkingThread.java:44)
三月 11, 2019 9:43:32 下午 org.apache.http.impl.execchain.RetryExec execute
信息: I/O exception (java.net.SocketException) caught when processing request to {}->http://ip.taobao.com:80: Connection reset
三月 11, 2019 9:43:32 下午 org.apache.http.impl.execchain.RetryExec execute
信息: Retrying request to {}->http://ip.taobao.com:80
java.lang.IllegalStateException: 等待结果超时
	at com.squarms.deploy.core.GeneralDeployMinaService.sendMessage(GeneralDeployMinaService.java:204)
	at com.squarms.deploy.core.RobotDeployMinaService.testAll(RobotDeployMinaService.java:79)
	at com.squarms.xoms.deploy.core.internal.service.RobotStatusService$RobotTestTaskHandler.handle(RobotStatusService.java:62)
	at com.squarms.xoms.deploy.core.internal.service.RobotStatusService$RobotTestTaskHandler.handle(RobotStatusService.java:1)
	at com.jiuqi.dna.core.resource.ResourceService$SimpleTaskMethodHandler.handle(ResourceService.java:1)
	at com.jiuqi.dna.core.impl.ServiceBase$TaskMethodHandler.handle(ServiceBase.java:1)
	at com.jiuqi.dna.core.impl.ContextImpl.serviceHandleTask(ContextImpl.java:349)
	at com.jiuqi.dna.core.impl.AsyncTaskImpl.workDoing(AsyncTaskImpl.java:146)
	at com.jiuqi.dna.core.spi.work.Work.doWork(Work.java:345)
	at com.jiuqi.dna.core.spi.work.WorkingThread.run(WorkingThread.java:44)
三月 11, 2019 9:45:08 下午 org.apache.http.impl.execchain.RetryExec execute
信息: I/O exception (java.net.SocketException) caught when processing request to {}->http://ip.taobao.com:80: Connection reset
三月 11, 2019 9:45:08 下午 org.apache.http.impl.execchain.RetryExec execute
信息: Retrying request to {}->http://ip.taobao.com:80
三月 11, 2019 9:45:30 下午 org.apache.http.impl.execchain.RetryExec execute
信息: I/O exception (java.net.SocketException) caught when processing request to {}->http://ip.taobao.com:80: Connection reset
三月 11, 2019 9:45:30 下午 org.apache.http.impl.execchain.RetryExec execute
信息: Retrying request to {}->http://ip.taobao.com:80
三月 11, 2019 9:45:40 下午 org.apache.http.impl.execchain.RetryExec execute
信息: I/O exception (java.net.SocketException) caught when processing request to {}->http://ip.taobao.com:80: Connection reset
三月 11, 2019 9:45:40 下午 org.apache.http.impl.execchain.RetryExec execute
信息: Retrying request to {}->http://ip.taobao.com:80
三月 11, 2019 9:45:46 下午 org.apache.http.impl.execchain.RetryExec execute
信息: I/O exception (java.net.SocketException) caught when processing request to {}->http://ip.taobao.com:80: Connection reset
三月 11, 2019 9:45:46 下午 org.apache.http.impl.execchain.RetryExec execute
信息: Retrying request to {}->http://ip.taobao.com:80
三月 11, 2019 9:45:55 下午 org.apache.http.impl.execchain.RetryExec execute
信息: I/O exception (java.net.SocketException) caught when processing request to {}->http://ip.taobao.com:80: Connection reset
三月 11, 2019 9:45:55 下午 org.apache.http.impl.execchain.RetryExec execute
信息: Retrying request to {}->http://ip.taobao.com:80
三月 11, 2019 9:46:09 下午 org.apache.http.impl.execchain.RetryExec execute
信息: I/O exception (java.net.SocketException) caught when processing request to {}->http://ip.taobao.com:80: Connection reset
三月 11, 2019 9:46:09 下午 org.apache.http.impl.execchain.RetryExec execute
信息: Retrying request to {}->http://ip.taobao.com:80
三月 11, 2019 9:46:09 下午 org.apache.http.impl.execchain.RetryExec execute
信息: I/O exception (java.net.SocketException) caught when processing request to {}->http://ip.taobao.com:80: Connection reset
三月 11, 2019 9:46:09 下午 org.apache.http.impl.execchain.RetryExec execute
信息: Retrying request to {}->http://ip.taobao.com:80
三月 11, 2019 9:46:24 下午 org.apache.http.impl.execchain.RetryExec execute
信息: I/O exception (java.net.SocketException) caught when processing request to {}->http://ip.taobao.com:80: Connection reset
三月 11, 2019 9:46:24 下午 org.apache.http.impl.execchain.RetryExec execute
信息: Retrying request to {}->http://ip.taobao.com:80
java.util.ConcurrentModificationException
	at java.util.HashMap$HashIterator.nextNode(HashMap.java:1437)
	at java.util.HashMap$KeyIterator.next(HashMap.java:1461)
	at com.squarms.deploy.core.RobotDeployMinaService.testAll(RobotDeployMinaService.java:82)
	at com.squarms.xoms.deploy.core.internal.service.RobotStatusService$RobotTestTaskHandler.handle(RobotStatusService.java:62)
	at com.squarms.xoms.deploy.core.internal.service.RobotStatusService$RobotTestTaskHandler.handle(RobotStatusService.java:1)
	at com.jiuqi.dna.core.resource.ResourceService$SimpleTaskMethodHandler.handle(ResourceService.java:1)
	at com.jiuqi.dna.core.impl.ServiceBase$TaskMethodHandler.handle(ServiceBase.java:1)
	at com.jiuqi.dna.core.impl.ContextImpl.serviceHandleTask(ContextImpl.java:349)
	at com.jiuqi.dna.core.impl.AsyncTaskImpl.workDoing(AsyncTaskImpl.java:146)
	at com.jiuqi.dna.core.spi.work.Work.doWork(Work.java:345)
	at com.jiuqi.dna.core.spi.work.WorkingThread.run(WorkingThread.java:44)
java.lang.IllegalStateException: 等待结果超时
	at com.squarms.deploy.core.GeneralDeployMinaService.sendMessage(GeneralDeployMinaService.java:204)
	at com.squarms.xoms.deploy.core.internal.service.RobotStatusService$InvokeRobotTaskHandler.handle(RobotStatusService.java:81)
	at com.squarms.xoms.deploy.core.internal.service.RobotStatusService$InvokeRobotTaskHandler.handle(RobotStatusService.java:1)
	at com.jiuqi.dna.core.resource.ResourceService$SimpleTaskMethodHandler.handle(ResourceService.java:1)
	at com.jiuqi.dna.core.impl.ServiceBase$TaskMethodHandler.handle(ServiceBase.java:1)
	at com.jiuqi.dna.core.impl.ContextImpl.serviceHandleTask(ContextImpl.java:349)
	at com.jiuqi.dna.core.impl.ContextImpl.handle(ContextImpl.java:389)
	at com.jiuqi.dna.core.impl.ContextImpl.handle(ContextImpl.java:406)
	at com.squarms.xoms.deploy.core.internal.service.RobotStatusService$AutoResetRobotTaskHandler.handle(RobotStatusService.java:145)
	at com.squarms.xoms.deploy.core.internal.service.RobotStatusService$AutoResetRobotTaskHandler.handle(RobotStatusService.java:1)
	at com.jiuqi.dna.core.resource.ResourceService$SimpleTaskMethodHandler.handle(ResourceService.java:1)
	at com.jiuqi.dna.core.impl.ServiceBase$TaskMethodHandler.handle(ServiceBase.java:1)
	at com.jiuqi.dna.core.impl.ContextImpl.serviceHandleTask(ContextImpl.java:349)
	at com.jiuqi.dna.core.impl.AsyncTaskImpl.workDoing(AsyncTaskImpl.java:146)
	at com.jiuqi.dna.core.spi.work.Work.doWork(Work.java:345)
	at com.jiuqi.dna.core.spi.work.WorkingThread.run(WorkingThread.java:44)
三月 11, 2019 9:48:30 下午 org.apache.http.impl.execchain.RetryExec execute
信息: I/O exception (java.net.SocketException) caught when processing request to {}->http://ip.taobao.com:80: Connection reset
三月 11, 2019 9:48:30 下午 org.apache.http.impl.execchain.RetryExec execute
信息: Retrying request to {}->http://ip.taobao.com:80
三月 11, 2019 9:49:13 下午 org.apache.http.impl.execchain.RetryExec execute
信息: I/O exception (java.net.SocketException) caught when processing request to {}->http://ip.taobao.com:80: Connection reset
三月 11, 2019 9:49:13 下午 org.apache.http.impl.execchain.RetryExec execute
信息: Retrying request to {}->http://ip.taobao.com:80
java.lang.RuntimeException: 等待登录窗口激活超时
	at com.squarms.deploy.core.GeneralDeployMinaService.sendMessage(GeneralDeployMinaService.java:193)
	at com.squarms.xoms.deploy.core.internal.service.RobotStatusService$InvokeRobotTaskHandler.handle(RobotStatusService.java:81)
	at com.squarms.xoms.deploy.core.internal.service.RobotStatusService$InvokeRobotTaskHandler.handle(RobotStatusService.java:1)
	at com.jiuqi.dna.core.resource.ResourceService$SimpleTaskMethodHandler.handle(ResourceService.java:1)
	at com.jiuqi.dna.core.impl.ServiceBase$TaskMethodHandler.handle(ServiceBase.java:1)
	at com.jiuqi.dna.core.impl.ContextImpl.serviceHandleTask(ContextImpl.java:349)
	at com.jiuqi.dna.core.impl.ContextImpl.handle(ContextImpl.java:389)
	at com.jiuqi.dna.core.impl.ContextImpl.handle(ContextImpl.java:406)
	at com.squarms.xoms.deploy.core.internal.service.RobotStatusService$AutoResetRobotTaskHandler.handle(RobotStatusService.java:145)
	at com.squarms.xoms.deploy.core.internal.service.RobotStatusService$AutoResetRobotTaskHandler.handle(RobotStatusService.java:1)
	at com.jiuqi.dna.core.resource.ResourceService$SimpleTaskMethodHandler.handle(ResourceService.java:1)
	at com.jiuqi.dna.core.impl.ServiceBase$TaskMethodHandler.handle(ServiceBase.java:1)
	at com.jiuqi.dna.core.impl.ContextImpl.serviceHandleTask(ContextImpl.java:349)
	at com.jiuqi.dna.core.impl.AsyncTaskImpl.workDoing(AsyncTaskImpl.java:146)
	at com.jiuqi.dna.core.spi.work.Work.doWork(Work.java:345)
	at com.jiuqi.dna.core.spi.work.WorkingThread.run(WorkingThread.java:44)
三月 11, 2019 10:01:28 下午 org.apache.http.impl.execchain.RetryExec execute
信息: I/O exception (java.net.SocketException) caught when processing request to {}->http://ip.taobao.com:80: 连接超时 (Read failed)
三月 11, 2019 10:01:28 下午 org.apache.http.impl.execchain.RetryExec execute
信息: Retrying request to {}->http://ip.taobao.com:80
三月 11, 2019 10:01:28 下午 org.apache.http.impl.execchain.RetryExec execute
信息: I/O exception (java.net.SocketException) caught when processing request to {}->http://ip.taobao.com:80: Connection reset
三月 11, 2019 10:01:28 下午 org.apache.http.impl.execchain.RetryExec execute
信息: Retrying request to {}->http://ip.taobao.com:80
三月 11, 2019 10:01:29 下午 org.apache.http.impl.execchain.RetryExec execute
信息: I/O exception (java.net.SocketException) caught when processing request to {}->http://ip.taobao.com:80: 连接超时 (Read failed)
三月 11, 2019 10:01:29 下午 org.apache.http.impl.execchain.RetryExec execute
信息: Retrying request to {}->http://ip.taobao.com:80
三月 11, 2019 10:01:29 下午 org.apache.http.impl.execchain.RetryExec execute
信息: I/O exception (java.net.SocketException) caught when processing request to {}->http://ip.taobao.com:80: 连接超时 (Read failed)
三月 11, 2019 10:01:29 下午 org.apache.http.impl.execchain.RetryExec execute
信息: Retrying request to {}->http://ip.taobao.com:80
三月 11, 2019 10:01:29 下午 org.apache.http.impl.execchain.RetryExec execute
信息: I/O exception (java.net.SocketException) caught when processing request to {}->http://ip.taobao.com:80: 连接超时 (Read failed)
三月 11, 2019 10:01:29 下午 org.apache.http.impl.execchain.RetryExec execute
信息: Retrying request to {}->http://ip.taobao.com:80
三月 11, 2019 10:01:34 下午 org.apache.http.impl.execchain.RetryExec execute
信息: I/O exception (java.net.SocketException) caught when processing request to {}->http://ip.taobao.com:80: 连接超时 (Read failed)
三月 11, 2019 10:01:34 下午 org.apache.http.impl.execchain.RetryExec execute
信息: Retrying request to {}->http://ip.taobao.com:80
三月 11, 2019 10:01:42 下午 org.apache.http.impl.execchain.RetryExec execute
信息: I/O exception (java.net.SocketException) caught when processing request to {}->http://ip.taobao.com:80: Connection reset
三月 11, 2019 10:01:42 下午 org.apache.http.impl.execchain.RetryExec execute
信息: Retrying request to {}->http://ip.taobao.com:80
三月 11, 2019 10:01:43 下午 org.apache.http.impl.execchain.RetryExec execute
信息: I/O exception (java.net.SocketException) caught when processing request to {}->http://ip.taobao.com:80: Connection reset
三月 11, 2019 10:01:43 下午 org.apache.http.impl.execchain.RetryExec execute
信息: Retrying request to {}->http://ip.taobao.com:80
三月 11, 2019 10:01:43 下午 org.apache.http.impl.execchain.RetryExec execute
信息: I/O exception (java.net.SocketException) caught when processing request to {}->http://ip.taobao.com:80: Connection reset
三月 11, 2019 10:01:43 下午 org.apache.http.impl.execchain.RetryExec execute
信息: Retrying request to {}->http://ip.taobao.com:80
java.lang.RuntimeException: 等待主界面超时
	at com.squarms.deploy.core.GeneralDeployMinaService.sendMessage(GeneralDeployMinaService.java:193)
	at com.squarms.xoms.deploy.core.internal.service.RobotStatusService$InvokeRobotTaskHandler.handle(RobotStatusService.java:81)
	at com.squarms.xoms.deploy.core.internal.service.RobotStatusService$InvokeRobotTaskHandler.handle(RobotStatusService.java:1)
	at com.jiuqi.dna.core.resource.ResourceService$SimpleTaskMethodHandler.handle(ResourceService.java:1)
	at com.jiuqi.dna.core.impl.ServiceBase$TaskMethodHandler.handle(ServiceBase.java:1)
	at com.jiuqi.dna.core.impl.ContextImpl.serviceHandleTask(ContextImpl.java:349)
	at com.jiuqi.dna.core.impl.ContextImpl.handle(ContextImpl.java:389)
	at com.jiuqi.dna.core.impl.ContextImpl.handle(ContextImpl.java:406)
	at com.squarms.xoms.deploy.core.internal.service.RobotStatusService$AutoResetRobotTaskHandler.handle(RobotStatusService.java:145)
	at com.squarms.xoms.deploy.core.internal.service.RobotStatusService$AutoResetRobotTaskHandler.handle(RobotStatusService.java:1)
	at com.jiuqi.dna.core.resource.ResourceService$SimpleTaskMethodHandler.handle(ResourceService.java:1)
	at com.jiuqi.dna.core.impl.ServiceBase$TaskMethodHandler.handle(ServiceBase.java:1)
	at com.jiuqi.dna.core.impl.ContextImpl.serviceHandleTask(ContextImpl.java:349)
	at com.jiuqi.dna.core.impl.AsyncTaskImpl.workDoing(AsyncTaskImpl.java:146)
	at com.jiuqi.dna.core.spi.work.Work.doWork(Work.java:345)
	at com.jiuqi.dna.core.spi.work.WorkingThread.run(WorkingThread.java:44)
三月 11, 2019 10:02:02 下午 org.apache.http.impl.execchain.RetryExec execute
信息: I/O exception (java.net.SocketException) caught when processing request to {}->http://ip.taobao.com:80: 连接超时 (Read failed)
三月 11, 2019 10:02:02 下午 org.apache.http.impl.execchain.RetryExec execute
信息: Retrying request to {}->http://ip.taobao.com:80
三月 11, 2019 10:02:17 下午 org.apache.http.impl.execchain.RetryExec execute
信息: I/O exception (java.net.SocketException) caught when processing request to {}->http://ip.taobao.com:80: 连接超时 (Read failed)
三月 11, 2019 10:02:17 下午 org.apache.http.impl.execchain.RetryExec execute
信息: Retrying request to {}->http://ip.taobao.com:80
三月 11, 2019 10:02:35 下午 org.apache.http.impl.execchain.RetryExec execute
信息: I/O exception (java.net.SocketException) caught when processing request to {}->http://ip.taobao.com:80: Connection reset
三月 11, 2019 10:02:35 下午 org.apache.http.impl.execchain.RetryExec execute
信息: Retrying request to {}->http://ip.taobao.com:80
java.util.ConcurrentModificationException
	at java.util.HashMap$HashIterator.nextNode(HashMap.java:1437)
	at java.util.HashMap$KeyIterator.next(HashMap.java:1461)
	at com.squarms.deploy.core.RobotDeployMinaService.testAll(RobotDeployMinaService.java:82)
	at com.squarms.xoms.deploy.core.internal.service.RobotStatusService$RobotTestTaskHandler.handle(RobotStatusService.java:62)
	at com.squarms.xoms.deploy.core.internal.service.RobotStatusService$RobotTestTaskHandler.handle(RobotStatusService.java:1)
	at com.jiuqi.dna.core.resource.ResourceService$SimpleTaskMethodHandler.handle(ResourceService.java:1)
	at com.jiuqi.dna.core.impl.ServiceBase$TaskMethodHandler.handle(ServiceBase.java:1)
	at com.jiuqi.dna.core.impl.ContextImpl.serviceHandleTask(ContextImpl.java:349)
	at com.jiuqi.dna.core.impl.AsyncTaskImpl.workDoing(AsyncTaskImpl.java:146)
	at com.jiuqi.dna.core.spi.work.Work.doWork(Work.java:345)
	at com.jiuqi.dna.core.spi.work.WorkingThread.run(WorkingThread.java:44)
三月 11, 2019 10:03:29 下午 org.apache.http.impl.execchain.RetryExec execute
信息: I/O exception (java.net.SocketException) caught when processing request to {}->http://ip.taobao.com:80: 连接超时 (Read failed)
三月 11, 2019 10:03:29 下午 org.apache.http.impl.execchain.RetryExec execute
信息: Retrying request to {}->http://ip.taobao.com:80
三月 11, 2019 10:03:29 下午 org.apache.http.impl.execchain.RetryExec execute
信息: I/O exception (java.net.SocketException) caught when processing request to {}->http://ip.taobao.com:80: Connection reset
三月 11, 2019 10:03:29 下午 org.apache.http.impl.execchain.RetryExec execute
信息: Retrying request to {}->http://ip.taobao.com:80
三月 11, 2019 10:03:39 下午 org.apache.http.impl.execchain.RetryExec execute
信息: I/O exception (java.net.SocketException) caught when processing request to {}->http://ip.taobao.com:80: 连接超时 (Read failed)
三月 11, 2019 10:03:39 下午 org.apache.http.impl.execchain.RetryExec execute
信息: Retrying request to {}->http://ip.taobao.com:80
java.lang.RuntimeException: 等待主界面超时
	at com.squarms.deploy.core.GeneralDeployMinaService.sendMessage(GeneralDeployMinaService.java:193)
	at com.squarms.xoms.deploy.core.internal.service.RobotStatusService$InvokeRobotTaskHandler.handle(RobotStatusService.java:81)
	at com.squarms.xoms.deploy.core.internal.service.RobotStatusService$InvokeRobotTaskHandler.handle(RobotStatusService.java:1)
	at com.jiuqi.dna.core.resource.ResourceService$SimpleTaskMethodHandler.handle(ResourceService.java:1)
	at com.jiuqi.dna.core.impl.ServiceBase$TaskMethodHandler.handle(ServiceBase.java:1)
	at com.jiuqi.dna.core.impl.ContextImpl.serviceHandleTask(ContextImpl.java:349)
	at com.jiuqi.dna.core.impl.ContextImpl.handle(ContextImpl.java:389)
	at com.jiuqi.dna.core.impl.ContextImpl.handle(ContextImpl.java:406)
	at com.squarms.xoms.deploy.core.internal.service.RobotStatusService$AutoResetRobotTaskHandler.handle(RobotStatusService.java:145)
	at com.squarms.xoms.deploy.core.internal.service.RobotStatusService$AutoResetRobotTaskHandler.handle(RobotStatusService.java:1)
	at com.jiuqi.dna.core.resource.ResourceService$SimpleTaskMethodHandler.handle(ResourceService.java:1)
	at com.jiuqi.dna.core.impl.ServiceBase$TaskMethodHandler.handle(ServiceBase.java:1)
	at com.jiuqi.dna.core.impl.ContextImpl.serviceHandleTask(ContextImpl.java:349)
	at com.jiuqi.dna.core.impl.AsyncTaskImpl.workDoing(AsyncTaskImpl.java:146)
	at com.jiuqi.dna.core.spi.work.Work.doWork(Work.java:345)
	at com.jiuqi.dna.core.spi.work.WorkingThread.run(WorkingThread.java:44)
java.lang.RuntimeException: 在开始异步任务[com.squarms.xoms.deploy.core.internal.service.RobotStatusService$RobotTestTask]时发生异常。
	at com.jiuqi.dna.core.impl.AsyncTaskImpl.workBeginning(AsyncTaskImpl.java:82)
	at com.jiuqi.dna.core.spi.work.Work.beforeDoingNoSync(Work.java:279)
	at com.jiuqi.dna.core.spi.work.Work.doWork(Work.java:323)
	at com.jiuqi.dna.core.spi.work.WorkingThread.run(WorkingThread.java:44)
Caused by: com.jiuqi.dna.core.exception.SessionDisposedException: 会话已经销毁或过期
	at com.jiuqi.dna.core.impl.SessionImpl.checkNotDisposedNoSync(SessionImpl.java:641)
	at com.jiuqi.dna.core.impl.SessionImpl.contextCreated(SessionImpl.java:343)
	at com.jiuqi.dna.core.impl.ContextImpl.<init>(ContextImpl.java:1092)
	at com.jiuqi.dna.core.impl.SessionImpl.newContext(SessionImpl.java:505)
	at com.jiuqi.dna.core.impl.AsyncServiceInvoke.workBeginning(AsyncServiceInvoke.java:30)
	at com.jiuqi.dna.core.impl.AsyncTaskImpl.workBeginning(AsyncTaskImpl.java:80)
	... 3 more
java.lang.RuntimeException: 等待主界面超时
	at com.squarms.deploy.core.GeneralDeployMinaService.sendMessage(GeneralDeployMinaService.java:193)
	at com.squarms.xoms.deploy.core.internal.service.RobotStatusService$InvokeRobotTaskHandler.handle(RobotStatusService.java:81)
	at com.squarms.xoms.deploy.core.internal.service.RobotStatusService$InvokeRobotTaskHandler.handle(RobotStatusService.java:1)
	at com.jiuqi.dna.core.resource.ResourceService$SimpleTaskMethodHandler.handle(ResourceService.java:1)
	at com.jiuqi.dna.core.impl.ServiceBase$TaskMethodHandler.handle(ServiceBase.java:1)
	at com.jiuqi.dna.core.impl.ContextImpl.serviceHandleTask(ContextImpl.java:349)
	at com.jiuqi.dna.core.impl.ContextImpl.handle(ContextImpl.java:389)
	at com.jiuqi.dna.core.impl.ContextImpl.handle(ContextImpl.java:406)
	at com.squarms.xoms.deploy.core.internal.service.RobotStatusService$AutoResetRobotTaskHandler.handle(RobotStatusService.java:145)
	at com.squarms.xoms.deploy.core.internal.service.RobotStatusService$AutoResetRobotTaskHandler.handle(RobotStatusService.java:1)
	at com.jiuqi.dna.core.resource.ResourceService$SimpleTaskMethodHandler.handle(ResourceService.java:1)
	at com.jiuqi.dna.core.impl.ServiceBase$TaskMethodHandler.handle(ServiceBase.java:1)
	at com.jiuqi.dna.core.impl.ContextImpl.serviceHandleTask(ContextImpl.java:349)
	at com.jiuqi.dna.core.impl.AsyncTaskImpl.workDoing(AsyncTaskImpl.java:146)
	at com.jiuqi.dna.core.spi.work.Work.doWork(Work.java:345)
	at com.jiuqi.dna.core.spi.work.WorkingThread.run(WorkingThread.java:44)
三月 11, 2019 10:17:27 下午 org.apache.http.impl.execchain.RetryExec execute
信息: I/O exception (java.net.SocketException) caught when processing request to {}->http://ip.taobao.com:80: 连接超时 (Read failed)
三月 11, 2019 10:17:27 下午 org.apache.http.impl.execchain.RetryExec execute
信息: Retrying request to {}->http://ip.taobao.com:80
三月 11, 2019 10:17:29 下午 org.apache.http.impl.execchain.RetryExec execute
信息: I/O exception (java.net.SocketException) caught when processing request to {}->http://ip.taobao.com:80: Connection reset
三月 11, 2019 10:17:29 下午 org.apache.http.impl.execchain.RetryExec execute
信息: Retrying request to {}->http://ip.taobao.com:80
java.lang.RuntimeException: 等待主界面超时
	at com.squarms.deploy.core.GeneralDeployMinaService.sendMessage(GeneralDeployMinaService.java:193)
	at com.squarms.xoms.deploy.core.internal.service.RobotStatusService$InvokeRobotTaskHandler.handle(RobotStatusService.java:81)
	at com.squarms.xoms.deploy.core.internal.service.RobotStatusService$InvokeRobotTaskHandler.handle(RobotStatusService.java:1)
	at com.jiuqi.dna.core.resource.ResourceService$SimpleTaskMethodHandler.handle(ResourceService.java:1)
	at com.jiuqi.dna.core.impl.ServiceBase$TaskMethodHandler.handle(ServiceBase.java:1)
	at com.jiuqi.dna.core.impl.ContextImpl.serviceHandleTask(ContextImpl.java:349)
	at com.jiuqi.dna.core.impl.ContextImpl.handle(ContextImpl.java:389)
	at com.jiuqi.dna.core.impl.ContextImpl.handle(ContextImpl.java:406)
	at com.squarms.xoms.deploy.core.internal.service.RobotStatusService$AutoResetRobotTaskHandler.handle(RobotStatusService.java:145)
	at com.squarms.xoms.deploy.core.internal.service.RobotStatusService$AutoResetRobotTaskHandler.handle(RobotStatusService.java:1)
	at com.jiuqi.dna.core.resource.ResourceService$SimpleTaskMethodHandler.handle(ResourceService.java:1)
	at com.jiuqi.dna.core.impl.ServiceBase$TaskMethodHandler.handle(ServiceBase.java:1)
	at com.jiuqi.dna.core.impl.ContextImpl.serviceHandleTask(ContextImpl.java:349)
	at com.jiuqi.dna.core.impl.AsyncTaskImpl.workDoing(AsyncTaskImpl.java:146)
	at com.jiuqi.dna.core.spi.work.Work.doWork(Work.java:345)
	at com.jiuqi.dna.core.spi.work.WorkingThread.run(WorkingThread.java:44)
java.lang.RuntimeException: 等待主界面超时
	at com.squarms.deploy.core.GeneralDeployMinaService.sendMessage(GeneralDeployMinaService.java:193)
	at com.squarms.xoms.deploy.core.internal.service.RobotStatusService$InvokeRobotTaskHandler.handle(RobotStatusService.java:81)
	at com.squarms.xoms.deploy.core.internal.service.RobotStatusService$InvokeRobotTaskHandler.handle(RobotStatusService.java:1)
	at com.jiuqi.dna.core.resource.ResourceService$SimpleTaskMethodHandler.handle(ResourceService.java:1)
	at com.jiuqi.dna.core.impl.ServiceBase$TaskMethodHandler.handle(ServiceBase.java:1)
	at com.jiuqi.dna.core.impl.ContextImpl.serviceHandleTask(ContextImpl.java:349)
	at com.jiuqi.dna.core.impl.AsyncTaskImpl.workDoing(AsyncTaskImpl.java:146)
	at com.jiuqi.dna.core.spi.work.Work.doWork(Work.java:345)
	at com.jiuqi.dna.core.spi.work.WorkingThread.run(WorkingThread.java:44)
java.lang.RuntimeException: 等待主界面超时
	at com.squarms.deploy.core.GeneralDeployMinaService.sendMessage(GeneralDeployMinaService.java:193)
	at com.squarms.xoms.deploy.core.internal.service.RobotStatusService$InvokeRobotTaskHandler.handle(RobotStatusService.java:81)
	at com.squarms.xoms.deploy.core.internal.service.RobotStatusService$InvokeRobotTaskHandler.handle(RobotStatusService.java:1)
	at com.jiuqi.dna.core.resource.ResourceService$SimpleTaskMethodHandler.handle(ResourceService.java:1)
	at com.jiuqi.dna.core.impl.ServiceBase$TaskMethodHandler.handle(ServiceBase.java:1)
	at com.jiuqi.dna.core.impl.ContextImpl.serviceHandleTask(ContextImpl.java:349)
	at com.jiuqi.dna.core.impl.ContextImpl.handle(ContextImpl.java:389)
	at com.jiuqi.dna.core.impl.ContextImpl.handle(ContextImpl.java:406)
	at com.squarms.xoms.deploy.core.internal.service.RobotStatusService$AutoResetRobotTaskHandler.handle(RobotStatusService.java:145)
	at com.squarms.xoms.deploy.core.internal.service.RobotStatusService$AutoResetRobotTaskHandler.handle(RobotStatusService.java:1)
	at com.jiuqi.dna.core.resource.ResourceService$SimpleTaskMethodHandler.handle(ResourceService.java:1)
	at com.jiuqi.dna.core.impl.ServiceBase$TaskMethodHandler.handle(ServiceBase.java:1)
	at com.jiuqi.dna.core.impl.ContextImpl.serviceHandleTask(ContextImpl.java:349)
	at com.jiuqi.dna.core.impl.AsyncTaskImpl.workDoing(AsyncTaskImpl.java:146)
	at com.jiuqi.dna.core.spi.work.Work.doWork(Work.java:345)
	at com.jiuqi.dna.core.spi.work.WorkingThread.run(WorkingThread.java:44)
java.lang.RuntimeException: 等待主界面超时
	at com.squarms.deploy.core.GeneralDeployMinaService.sendMessage(GeneralDeployMinaService.java:193)
	at com.squarms.xoms.deploy.core.internal.service.RobotStatusService$InvokeRobotTaskHandler.handle(RobotStatusService.java:81)
	at com.squarms.xoms.deploy.core.internal.service.RobotStatusService$InvokeRobotTaskHandler.handle(RobotStatusService.java:1)
	at com.jiuqi.dna.core.resource.ResourceService$SimpleTaskMethodHandler.handle(ResourceService.java:1)
	at com.jiuqi.dna.core.impl.ServiceBase$TaskMethodHandler.handle(ServiceBase.java:1)
	at com.jiuqi.dna.core.impl.ContextImpl.serviceHandleTask(ContextImpl.java:349)
	at com.jiuqi.dna.core.impl.ContextImpl.handle(ContextImpl.java:389)
	at com.jiuqi.dna.core.impl.ContextImpl.handle(ContextImpl.java:406)
	at com.squarms.xoms.deploy.core.internal.service.RobotStatusService$AutoResetRobotTaskHandler.handle(RobotStatusService.java:145)
	at com.squarms.xoms.deploy.core.internal.service.RobotStatusService$AutoResetRobotTaskHandler.handle(RobotStatusService.java:1)
	at com.jiuqi.dna.core.resource.ResourceService$SimpleTaskMethodHandler.handle(ResourceService.java:1)
	at com.jiuqi.dna.core.impl.ServiceBase$TaskMethodHandler.handle(ServiceBase.java:1)
	at com.jiuqi.dna.core.impl.ContextImpl.serviceHandleTask(ContextImpl.java:349)
	at com.jiuqi.dna.core.impl.AsyncTaskImpl.workDoing(AsyncTaskImpl.java:146)
	at com.jiuqi.dna.core.spi.work.Work.doWork(Work.java:345)
	at com.jiuqi.dna.core.spi.work.WorkingThread.run(WorkingThread.java:44)
java.lang.RuntimeException: 等待控件超时！controlId＝Button82
	at com.squarms.deploy.core.GeneralDeployMinaService.sendMessage(GeneralDeployMinaService.java:193)
	at com.squarms.xoms.deploy.core.internal.service.RobotStatusService$InvokeRobotTaskHandler.handle(RobotStatusService.java:81)
	at com.squarms.xoms.deploy.core.internal.service.RobotStatusService$InvokeRobotTaskHandler.handle(RobotStatusService.java:1)
	at com.jiuqi.dna.core.resource.ResourceService$SimpleTaskMethodHandler.handle(ResourceService.java:1)
	at com.jiuqi.dna.core.impl.ServiceBase$TaskMethodHandler.handle(ServiceBase.java:1)
	at com.jiuqi.dna.core.impl.ContextImpl.serviceHandleTask(ContextImpl.java:349)
	at com.jiuqi.dna.core.impl.ContextImpl.handle(ContextImpl.java:389)
	at com.jiuqi.dna.core.impl.ContextImpl.handle(ContextImpl.java:406)
	at com.squarms.xoms.deploy.core.internal.service.RobotStatusService$AutoResetRobotTaskHandler.handle(RobotStatusService.java:145)
	at com.squarms.xoms.deploy.core.internal.service.RobotStatusService$AutoResetRobotTaskHandler.handle(RobotStatusService.java:1)
	at com.jiuqi.dna.core.resource.ResourceService$SimpleTaskMethodHandler.handle(ResourceService.java:1)
	at com.jiuqi.dna.core.impl.ServiceBase$TaskMethodHandler.handle(ServiceBase.java:1)
	at com.jiuqi.dna.core.impl.ContextImpl.serviceHandleTask(ContextImpl.java:349)
	at com.jiuqi.dna.core.impl.AsyncTaskImpl.workDoing(AsyncTaskImpl.java:146)
	at com.jiuqi.dna.core.spi.work.Work.doWork(Work.java:345)
	at com.jiuqi.dna.core.spi.work.WorkingThread.run(WorkingThread.java:44)
java.lang.UnsupportedOperationException: 不允许通过其他线程访问上下文
	at com.jiuqi.dna.core.impl.ContextImpl.checkValid(ContextImpl.java:3596)
	at com.jiuqi.dna.core.impl.ContextImpl.doAsyncHandle(ContextImpl.java:421)
	at com.jiuqi.dna.core.impl.ContextImpl.asyncHandle(ContextImpl.java:475)
	at com.squarms.deploy.core.GeneralDeployMinaService.messageReceived(GeneralDeployMinaService.java:97)
	at org.apache.mina.core.filterchain.DefaultIoFilterChain$TailFilter.messageReceived(DefaultIoFilterChain.java:858)
	at org.apache.mina.core.filterchain.DefaultIoFilterChain.callNextMessageReceived(DefaultIoFilterChain.java:542)
	at org.apache.mina.core.filterchain.DefaultIoFilterChain.access$1300(DefaultIoFilterChain.java:48)
	at org.apache.mina.core.filterchain.DefaultIoFilterChain$EntryImpl$1.messageReceived(DefaultIoFilterChain.java:947)
	at org.apache.mina.filter.codec.ProtocolCodecFilter$ProtocolDecoderOutputImpl.flush(ProtocolCodecFilter.java:398)
	at org.apache.mina.filter.codec.ProtocolCodecFilter.messageReceived(ProtocolCodecFilter.java:234)
	at org.apache.mina.core.filterchain.DefaultIoFilterChain.callNextMessageReceived(DefaultIoFilterChain.java:542)
	at org.apache.mina.core.filterchain.DefaultIoFilterChain.access$1300(DefaultIoFilterChain.java:48)
	at org.apache.mina.core.filterchain.DefaultIoFilterChain$EntryImpl$1.messageReceived(DefaultIoFilterChain.java:947)
	at org.apache.mina.core.filterchain.IoFilterAdapter.messageReceived(IoFilterAdapter.java:109)
	at org.apache.mina.core.filterchain.DefaultIoFilterChain.callNextMessageReceived(DefaultIoFilterChain.java:542)
	at org.apache.mina.core.filterchain.DefaultIoFilterChain.fireMessageReceived(DefaultIoFilterChain.java:535)
	at org.apache.mina.core.polling.AbstractPollingIoProcessor.read(AbstractPollingIoProcessor.java:703)
	at org.apache.mina.core.polling.AbstractPollingIoProcessor.process(AbstractPollingIoProcessor.java:659)
	at org.apache.mina.core.polling.AbstractPollingIoProcessor.process(AbstractPollingIoProcessor.java:648)
	at org.apache.mina.core.polling.AbstractPollingIoProcessor.access$600(AbstractPollingIoProcessor.java:68)
	at org.apache.mina.core.polling.AbstractPollingIoProcessor$Processor.run(AbstractPollingIoProcessor.java:1120)
	at org.apache.mina.util.NamePreservingRunnable.run(NamePreservingRunnable.java:64)
	at java.util.concurrent.ThreadPoolExecutor.runWorker(ThreadPoolExecutor.java:1142)
	at java.util.concurrent.ThreadPoolExecutor$Worker.run(ThreadPoolExecutor.java:617)
	at java.lang.Thread.run(Thread.java:745)
