Listening for transport dt_socket at address: 5001
2019-03-03 18:31:50.645: DNA 启动...开始
2019-03-03 18:31:50.646: DNA 启动...java version "1.8.0_111"
2019-03-03 18:31:50.646: DNA 启动...Java(TM) SE Runtime Environment (build 1.8.0_111-b14)
2019-03-03 18:31:50.646: DNA 启动...Java HotSpot(TM) 64-Bit Server VM (build 25.111-b14, mixed mode)
2019-03-03 18:31:50.649: DNA 启动...应用ID：2C79538B261B942BEECE93AEF8431761
2019-03-03 18:31:51.057: DNA 启动...注册JDBC驱动[MySQLDriver5]，驱动版本[5.1]
2019-03-03 18:31:51.151: DNA 启动...注册JDBC驱动[DB2Driver9]，驱动版本[3.1]
2019-03-03 18:31:51.242: DNA 启动...注册JDBC驱动[OracleDriver11]，驱动版本[11.1]
log4j:WARN No appenders could be found for logger (org.eclipse.jetty.util.log).
log4j:WARN Please initialize the log4j system properly.
2019-03-03 18:31:53.276: DNA 启动...实例化信息定义
2019-03-03 18:31:53.292: DNA 启动...装载多语言信息
2019-03-03 18:31:53.292: DNA 启动...准备启动站点
2019-03-03 18:31:53.297: DNA 启动...实例化表定义
2019-03-03 18:31:53.396: DNA 启动...确定表定义对其他元素的引用
2019-03-03 18:31:53.396: DNA 启动...实例化ORM定义
2019-03-03 18:31:53.425: DNA 启动...确定ORM定义对其他元素的引用
2019-03-03 18:31:53.425: DNA 启动...初始化ORM定义
2019-03-03 18:31:53.426: DNA 启动...实例化模型脚本引擎
2019-03-03 18:31:53.443: DNA 启动...初始化群集资源模式
2019-03-03 18:31:53.443: DNA 启动...实例化服务对象
2019-03-03 18:31:53.579: DNA 启动...注册服务调用器
2019-03-03 18:31:53.950: DNA 启动...确定资源定位信息
2019-03-03 18:31:53.958: DNA 启动...确定资源引用信息
2019-03-03 18:31:53.958: DNA 启动...初始化资源
2019-03-03 18:31:54.050: DNA 启动...半启用日志管理器
2019-03-03 18:31:54.050: DNA 启动...初始化服务
SLF4J: Failed to load class "org.slf4j.impl.StaticLoggerBinder".
SLF4J: Defaulting to no-operation (NOP) logger implementation
SLF4J: See http://www.slf4j.org/codes.html#StaticLoggerBinder for further details.
2019-03-03 18:31:54.247: DNA 启动...启用日志管理器
2019-03-03 18:31:54.249: DNA 启动...站点启动完成
2019-03-03 18:31:54.249: DNA 启动...完毕
java.lang.UnsupportedOperationException: 不允许通过其他线程访问上下文
	at com.jiuqi.dna.core.impl.ContextImpl.checkValid(ContextImpl.java:3596)
	at com.jiuqi.dna.core.impl.ContextImpl.doAsyncHandle(ContextImpl.java:421)
	at com.jiuqi.dna.core.impl.ContextImpl.asyncHandle(ContextImpl.java:475)
	at com.squarms.deploy.core.GeneralDeployMinaService.messageReceived(GeneralDeployMinaService.java:104)
	at org.apache.mina.core.filterchain.DefaultIoFilterChain$TailFilter.messageReceived(DefaultIoFilterChain.java:858)
	at org.apache.mina.core.filterchain.DefaultIoFilterChain.callNextMessageReceived(DefaultIoFilterChain.java:542)
	at org.apache.mina.core.filterchain.DefaultIoFilterChain.access$1300(DefaultIoFilterChain.java:48)
	at org.apache.mina.core.filterchain.DefaultIoFilterChain$EntryImpl$1.messageReceived(DefaultIoFilterChain.java:947)
	at org.apache.mina.filter.codec.ProtocolCodecFilter$ProtocolDecoderOutputImpl.flush(ProtocolCodecFilter.java:398)
	at org.apache.mina.filter.codec.ProtocolCodecFilter.messageReceived(ProtocolCodecFilter.java:234)
	at org.apache.mina.core.filterchain.DefaultIoFilterChain.callNextMessageReceived(DefaultIoFilterChain.java:542)
	at org.apache.mina.core.filterchain.DefaultIoFilterChain.access$1300(DefaultIoFilterChain.java:48)
	at org.apache.mina.core.filterchain.DefaultIoFilterChain$EntryImpl$1.messageReceived(DefaultIoFilterChain.java:947)
	at org.apache.mina.core.filterchain.IoFilterAdapter.messageReceived(IoFilterAdapter.java:109)
	at org.apache.mina.core.filterchain.DefaultIoFilterChain.callNextMessageReceived(DefaultIoFilterChain.java:542)
	at org.apache.mina.core.filterchain.DefaultIoFilterChain.fireMessageReceived(DefaultIoFilterChain.java:535)
	at org.apache.mina.core.polling.AbstractPollingIoProcessor.read(AbstractPollingIoProcessor.java:703)
	at org.apache.mina.core.polling.AbstractPollingIoProcessor.process(AbstractPollingIoProcessor.java:659)
	at org.apache.mina.core.polling.AbstractPollingIoProcessor.process(AbstractPollingIoProcessor.java:648)
	at org.apache.mina.core.polling.AbstractPollingIoProcessor.access$600(AbstractPollingIoProcessor.java:68)
	at org.apache.mina.core.polling.AbstractPollingIoProcessor$Processor.run(AbstractPollingIoProcessor.java:1120)
	at org.apache.mina.util.NamePreservingRunnable.run(NamePreservingRunnable.java:64)
	at java.util.concurrent.ThreadPoolExecutor.runWorker(ThreadPoolExecutor.java:1142)
	at java.util.concurrent.ThreadPoolExecutor$Worker.run(ThreadPoolExecutor.java:617)
	at java.lang.Thread.run(Thread.java:745)
java.lang.UnsupportedOperationException: 不允许通过其他线程访问上下文
	at com.jiuqi.dna.core.impl.ContextImpl.checkValid(ContextImpl.java:3596)
	at com.jiuqi.dna.core.impl.ContextImpl.doAsyncHandle(ContextImpl.java:421)
	at com.jiuqi.dna.core.impl.ContextImpl.asyncHandle(ContextImpl.java:475)
	at com.squarms.deploy.core.GeneralDeployMinaService.messageReceived(GeneralDeployMinaService.java:104)
	at org.apache.mina.core.filterchain.DefaultIoFilterChain$TailFilter.messageReceived(DefaultIoFilterChain.java:858)
	at org.apache.mina.core.filterchain.DefaultIoFilterChain.callNextMessageReceived(DefaultIoFilterChain.java:542)
	at org.apache.mina.core.filterchain.DefaultIoFilterChain.access$1300(DefaultIoFilterChain.java:48)
	at org.apache.mina.core.filterchain.DefaultIoFilterChain$EntryImpl$1.messageReceived(DefaultIoFilterChain.java:947)
	at org.apache.mina.filter.codec.ProtocolCodecFilter$ProtocolDecoderOutputImpl.flush(ProtocolCodecFilter.java:398)
	at org.apache.mina.filter.codec.ProtocolCodecFilter.messageReceived(ProtocolCodecFilter.java:234)
	at org.apache.mina.core.filterchain.DefaultIoFilterChain.callNextMessageReceived(DefaultIoFilterChain.java:542)
	at org.apache.mina.core.filterchain.DefaultIoFilterChain.access$1300(DefaultIoFilterChain.java:48)
	at org.apache.mina.core.filterchain.DefaultIoFilterChain$EntryImpl$1.messageReceived(DefaultIoFilterChain.java:947)
	at org.apache.mina.core.filterchain.IoFilterAdapter.messageReceived(IoFilterAdapter.java:109)
	at org.apache.mina.core.filterchain.DefaultIoFilterChain.callNextMessageReceived(DefaultIoFilterChain.java:542)
	at org.apache.mina.core.filterchain.DefaultIoFilterChain.fireMessageReceived(DefaultIoFilterChain.java:535)
	at org.apache.mina.core.polling.AbstractPollingIoProcessor.read(AbstractPollingIoProcessor.java:703)
	at org.apache.mina.core.polling.AbstractPollingIoProcessor.process(AbstractPollingIoProcessor.java:659)
	at org.apache.mina.core.polling.AbstractPollingIoProcessor.process(AbstractPollingIoProcessor.java:648)
	at org.apache.mina.core.polling.AbstractPollingIoProcessor.access$600(AbstractPollingIoProcessor.java:68)
	at org.apache.mina.core.polling.AbstractPollingIoProcessor$Processor.run(AbstractPollingIoProcessor.java:1120)
	at org.apache.mina.util.NamePreservingRunnable.run(NamePreservingRunnable.java:64)
	at java.util.concurrent.ThreadPoolExecutor.runWorker(ThreadPoolExecutor.java:1142)
	at java.util.concurrent.ThreadPoolExecutor$Worker.run(ThreadPoolExecutor.java:617)
	at java.lang.Thread.run(Thread.java:745)
java.lang.UnsupportedOperationException: 不允许通过其他线程访问上下文
	at com.jiuqi.dna.core.impl.ContextImpl.checkValid(ContextImpl.java:3596)
	at com.jiuqi.dna.core.impl.ContextImpl.doAsyncHandle(ContextImpl.java:421)
	at com.jiuqi.dna.core.impl.ContextImpl.asyncHandle(ContextImpl.java:475)
	at com.squarms.deploy.core.GeneralDeployMinaService.messageReceived(GeneralDeployMinaService.java:104)
	at org.apache.mina.core.filterchain.DefaultIoFilterChain$TailFilter.messageReceived(DefaultIoFilterChain.java:858)
	at org.apache.mina.core.filterchain.DefaultIoFilterChain.callNextMessageReceived(DefaultIoFilterChain.java:542)
	at org.apache.mina.core.filterchain.DefaultIoFilterChain.access$1300(DefaultIoFilterChain.java:48)
	at org.apache.mina.core.filterchain.DefaultIoFilterChain$EntryImpl$1.messageReceived(DefaultIoFilterChain.java:947)
	at org.apache.mina.filter.codec.ProtocolCodecFilter$ProtocolDecoderOutputImpl.flush(ProtocolCodecFilter.java:398)
	at org.apache.mina.filter.codec.ProtocolCodecFilter.messageReceived(ProtocolCodecFilter.java:234)
	at org.apache.mina.core.filterchain.DefaultIoFilterChain.callNextMessageReceived(DefaultIoFilterChain.java:542)
	at org.apache.mina.core.filterchain.DefaultIoFilterChain.access$1300(DefaultIoFilterChain.java:48)
	at org.apache.mina.core.filterchain.DefaultIoFilterChain$EntryImpl$1.messageReceived(DefaultIoFilterChain.java:947)
	at org.apache.mina.core.filterchain.IoFilterAdapter.messageReceived(IoFilterAdapter.java:109)
	at org.apache.mina.core.filterchain.DefaultIoFilterChain.callNextMessageReceived(DefaultIoFilterChain.java:542)
	at org.apache.mina.core.filterchain.DefaultIoFilterChain.fireMessageReceived(DefaultIoFilterChain.java:535)
	at org.apache.mina.core.polling.AbstractPollingIoProcessor.read(AbstractPollingIoProcessor.java:703)
	at org.apache.mina.core.polling.AbstractPollingIoProcessor.process(AbstractPollingIoProcessor.java:659)
	at org.apache.mina.core.polling.AbstractPollingIoProcessor.process(AbstractPollingIoProcessor.java:648)
	at org.apache.mina.core.polling.AbstractPollingIoProcessor.access$600(AbstractPollingIoProcessor.java:68)
	at org.apache.mina.core.polling.AbstractPollingIoProcessor$Processor.run(AbstractPollingIoProcessor.java:1120)
	at org.apache.mina.util.NamePreservingRunnable.run(NamePreservingRunnable.java:64)
	at java.util.concurrent.ThreadPoolExecutor.runWorker(ThreadPoolExecutor.java:1142)
	at java.util.concurrent.ThreadPoolExecutor$Worker.run(ThreadPoolExecutor.java:617)
	at java.lang.Thread.run(Thread.java:745)
osgi> java.lang.UnsupportedOperationException: 不允许通过其他线程访问上下文
	at com.jiuqi.dna.core.impl.ContextImpl.checkValid(ContextImpl.java:3596)
	at com.jiuqi.dna.core.impl.ContextImpl.doAsyncHandle(ContextImpl.java:421)
	at com.jiuqi.dna.core.impl.ContextImpl.asyncHandle(ContextImpl.java:475)
	at com.squarms.deploy.core.GeneralDeployMinaService.messageReceived(GeneralDeployMinaService.java:104)
	at org.apache.mina.core.filterchain.DefaultIoFilterChain$TailFilter.messageReceived(DefaultIoFilterChain.java:858)
	at org.apache.mina.core.filterchain.DefaultIoFilterChain.callNextMessageReceived(DefaultIoFilterChain.java:542)
	at org.apache.mina.core.filterchain.DefaultIoFilterChain.access$1300(DefaultIoFilterChain.java:48)
	at org.apache.mina.core.filterchain.DefaultIoFilterChain$EntryImpl$1.messageReceived(DefaultIoFilterChain.java:947)
	at org.apache.mina.filter.codec.ProtocolCodecFilter$ProtocolDecoderOutputImpl.flush(ProtocolCodecFilter.java:398)
	at org.apache.mina.filter.codec.ProtocolCodecFilter.messageReceived(ProtocolCodecFilter.java:234)
	at org.apache.mina.core.filterchain.DefaultIoFilterChain.callNextMessageReceived(DefaultIoFilterChain.java:542)
	at org.apache.mina.core.filterchain.DefaultIoFilterChain.access$1300(DefaultIoFilterChain.java:48)
	at org.apache.mina.core.filterchain.DefaultIoFilterChain$EntryImpl$1.messageReceived(DefaultIoFilterChain.java:947)
	at org.apache.mina.core.filterchain.IoFilterAdapter.messageReceived(IoFilterAdapter.java:109)
	at org.apache.mina.core.filterchain.DefaultIoFilterChain.callNextMessageReceived(DefaultIoFilterChain.java:542)
	at org.apache.mina.core.filterchain.DefaultIoFilterChain.fireMessageReceived(DefaultIoFilterChain.java:535)
	at org.apache.mina.core.polling.AbstractPollingIoProcessor.read(AbstractPollingIoProcessor.java:703)
	at org.apache.mina.core.polling.AbstractPollingIoProcessor.process(AbstractPollingIoProcessor.java:659)
	at org.apache.mina.core.polling.AbstractPollingIoProcessor.process(AbstractPollingIoProcessor.java:648)
	at org.apache.mina.core.polling.AbstractPollingIoProcessor.access$600(AbstractPollingIoProcessor.java:68)
	at org.apache.mina.core.polling.AbstractPollingIoProcessor$Processor.run(AbstractPollingIoProcessor.java:1120)
	at org.apache.mina.util.NamePreservingRunnable.run(NamePreservingRunnable.java:64)
	at java.util.concurrent.ThreadPoolExecutor.runWorker(ThreadPoolExecutor.java:1142)
	at java.util.concurrent.ThreadPoolExecutor$Worker.run(ThreadPoolExecutor.java:617)
	at java.lang.Thread.run(Thread.java:745)
Mar 03, 2019 6:36:37 PM org.apache.http.impl.execchain.RetryExec execute
INFO: I/O exception (java.net.SocketException) caught when processing request to {}->http://ip.taobao.com:80: Connection reset
Mar 03, 2019 6:36:37 PM org.apache.http.impl.execchain.RetryExec execute
INFO: Retrying request to {}->http://ip.taobao.com:80
Mar 03, 2019 6:37:05 PM org.apache.http.impl.execchain.RetryExec execute
INFO: I/O exception (java.net.SocketException) caught when processing request to {}->http://ip.taobao.com:80: Connection reset
Mar 03, 2019 6:37:05 PM org.apache.http.impl.execchain.RetryExec execute
INFO: Retrying request to {}->http://ip.taobao.com:80
Mar 03, 2019 6:37:15 PM org.apache.http.impl.execchain.RetryExec execute
INFO: I/O exception (java.net.SocketException) caught when processing request to {}->http://ip.taobao.com:80: Connection reset
Mar 03, 2019 6:37:15 PM org.apache.http.impl.execchain.RetryExec execute
INFO: Retrying request to {}->http://ip.taobao.com:80
Mar 03, 2019 6:37:15 PM org.apache.http.impl.execchain.RetryExec execute
INFO: I/O exception (java.net.SocketException) caught when processing request to {}->http://ip.taobao.com:80: Connection reset
Mar 03, 2019 6:37:15 PM org.apache.http.impl.execchain.RetryExec execute
INFO: Retrying request to {}->http://ip.taobao.com:80
Mar 03, 2019 6:37:16 PM org.apache.http.impl.execchain.RetryExec execute
INFO: I/O exception (java.net.SocketException) caught when processing request to {}->http://ip.taobao.com:80: Connection reset
Mar 03, 2019 6:37:16 PM org.apache.http.impl.execchain.RetryExec execute
INFO: Retrying request to {}->http://ip.taobao.com:80
Mar 03, 2019 6:37:16 PM org.apache.http.impl.execchain.RetryExec execute
INFO: I/O exception (java.net.SocketException) caught when processing request to {}->http://ip.taobao.com:80: Connection reset
Mar 03, 2019 6:37:16 PM org.apache.http.impl.execchain.RetryExec execute
INFO: Retrying request to {}->http://ip.taobao.com:80
Mar 03, 2019 6:37:16 PM org.apache.http.impl.execchain.RetryExec execute
INFO: I/O exception (java.net.SocketException) caught when processing request to {}->http://ip.taobao.com:80: Connection reset
Mar 03, 2019 6:37:16 PM org.apache.http.impl.execchain.RetryExec execute
INFO: Retrying request to {}->http://ip.taobao.com:80
Mar 03, 2019 6:37:19 PM org.apache.http.impl.execchain.RetryExec execute
INFO: I/O exception (java.net.SocketException) caught when processing request to {}->http://ip.taobao.com:80: Connection reset
Mar 03, 2019 6:37:19 PM org.apache.http.impl.execchain.RetryExec execute
INFO: Retrying request to {}->http://ip.taobao.com:80
Mar 03, 2019 6:39:24 PM org.apache.http.impl.execchain.RetryExec execute
INFO: I/O exception (java.net.SocketException) caught when processing request to {}->http://ip.taobao.com:80: Connection reset
Mar 03, 2019 6:39:24 PM org.apache.http.impl.execchain.RetryExec execute
INFO: Retrying request to {}->http://ip.taobao.com:80
Mar 03, 2019 6:40:44 PM org.apache.http.impl.execchain.RetryExec execute
INFO: I/O exception (java.net.SocketException) caught when processing request to {}->http://ip.taobao.com:80: Connection reset
Mar 03, 2019 6:40:44 PM org.apache.http.impl.execchain.RetryExec execute
INFO: Retrying request to {}->http://ip.taobao.com:80
java.lang.UnsupportedOperationException: 不允许通过其他线程访问上下文
	at com.jiuqi.dna.core.impl.ContextImpl.checkValid(ContextImpl.java:3596)
	at com.jiuqi.dna.core.impl.ContextImpl.doAsyncHandle(ContextImpl.java:421)
	at com.jiuqi.dna.core.impl.ContextImpl.asyncHandle(ContextImpl.java:475)
	at com.squarms.deploy.core.GeneralDeployMinaService.messageReceived(GeneralDeployMinaService.java:104)
	at org.apache.mina.core.filterchain.DefaultIoFilterChain$TailFilter.messageReceived(DefaultIoFilterChain.java:858)
	at org.apache.mina.core.filterchain.DefaultIoFilterChain.callNextMessageReceived(DefaultIoFilterChain.java:542)
	at org.apache.mina.core.filterchain.DefaultIoFilterChain.access$1300(DefaultIoFilterChain.java:48)
	at org.apache.mina.core.filterchain.DefaultIoFilterChain$EntryImpl$1.messageReceived(DefaultIoFilterChain.java:947)
	at org.apache.mina.filter.codec.ProtocolCodecFilter$ProtocolDecoderOutputImpl.flush(ProtocolCodecFilter.java:398)
	at org.apache.mina.filter.codec.ProtocolCodecFilter.messageReceived(ProtocolCodecFilter.java:234)
	at org.apache.mina.core.filterchain.DefaultIoFilterChain.callNextMessageReceived(DefaultIoFilterChain.java:542)
	at org.apache.mina.core.filterchain.DefaultIoFilterChain.access$1300(DefaultIoFilterChain.java:48)
	at org.apache.mina.core.filterchain.DefaultIoFilterChain$EntryImpl$1.messageReceived(DefaultIoFilterChain.java:947)
	at org.apache.mina.core.filterchain.IoFilterAdapter.messageReceived(IoFilterAdapter.java:109)
	at org.apache.mina.core.filterchain.DefaultIoFilterChain.callNextMessageReceived(DefaultIoFilterChain.java:542)
	at org.apache.mina.core.filterchain.DefaultIoFilterChain.fireMessageReceived(DefaultIoFilterChain.java:535)
	at org.apache.mina.core.polling.AbstractPollingIoProcessor.read(AbstractPollingIoProcessor.java:703)
	at org.apache.mina.core.polling.AbstractPollingIoProcessor.process(AbstractPollingIoProcessor.java:659)
	at org.apache.mina.core.polling.AbstractPollingIoProcessor.process(AbstractPollingIoProcessor.java:648)
	at org.apache.mina.core.polling.AbstractPollingIoProcessor.access$600(AbstractPollingIoProcessor.java:68)
	at org.apache.mina.core.polling.AbstractPollingIoProcessor$Processor.run(AbstractPollingIoProcessor.java:1120)
	at org.apache.mina.util.NamePreservingRunnable.run(NamePreservingRunnable.java:64)
	at java.util.concurrent.ThreadPoolExecutor.runWorker(ThreadPoolExecutor.java:1142)
	at java.util.concurrent.ThreadPoolExecutor$Worker.run(ThreadPoolExecutor.java:617)
	at java.lang.Thread.run(Thread.java:745)
Mar 03, 2019 6:41:15 PM org.apache.http.impl.execchain.RetryExec execute
INFO: I/O exception (java.net.SocketException) caught when processing request to {}->http://ip.taobao.com:80: Connection reset
Mar 03, 2019 6:41:15 PM org.apache.http.impl.execchain.RetryExec execute
INFO: Retrying request to {}->http://ip.taobao.com:80
Mar 03, 2019 6:52:49 PM org.apache.http.impl.execchain.RetryExec execute
INFO: I/O exception (java.net.SocketException) caught when processing request to {}->http://ip.taobao.com:80: Connection timed out (Read failed)
Mar 03, 2019 6:52:49 PM org.apache.http.impl.execchain.RetryExec execute
INFO: Retrying request to {}->http://ip.taobao.com:80
Mar 03, 2019 6:56:43 PM org.apache.http.impl.execchain.RetryExec execute
INFO: I/O exception (java.net.SocketException) caught when processing request to {}->http://ip.taobao.com:80: Connection timed out (Read failed)
Mar 03, 2019 6:56:43 PM org.apache.http.impl.execchain.RetryExec execute
INFO: Retrying request to {}->http://ip.taobao.com:80
java.lang.UnsupportedOperationException: 不允许通过其他线程访问上下文
	at com.jiuqi.dna.core.impl.ContextImpl.checkValid(ContextImpl.java:3596)
	at com.jiuqi.dna.core.impl.ContextImpl.doAsyncHandle(ContextImpl.java:421)
	at com.jiuqi.dna.core.impl.ContextImpl.asyncHandle(ContextImpl.java:475)
	at com.squarms.deploy.core.GeneralDeployMinaService.messageReceived(GeneralDeployMinaService.java:104)
	at org.apache.mina.core.filterchain.DefaultIoFilterChain$TailFilter.messageReceived(DefaultIoFilterChain.java:858)
	at org.apache.mina.core.filterchain.DefaultIoFilterChain.callNextMessageReceived(DefaultIoFilterChain.java:542)
	at org.apache.mina.core.filterchain.DefaultIoFilterChain.access$1300(DefaultIoFilterChain.java:48)
	at org.apache.mina.core.filterchain.DefaultIoFilterChain$EntryImpl$1.messageReceived(DefaultIoFilterChain.java:947)
	at org.apache.mina.filter.codec.ProtocolCodecFilter$ProtocolDecoderOutputImpl.flush(ProtocolCodecFilter.java:398)
	at org.apache.mina.filter.codec.ProtocolCodecFilter.messageReceived(ProtocolCodecFilter.java:234)
	at org.apache.mina.core.filterchain.DefaultIoFilterChain.callNextMessageReceived(DefaultIoFilterChain.java:542)
	at org.apache.mina.core.filterchain.DefaultIoFilterChain.access$1300(DefaultIoFilterChain.java:48)
	at org.apache.mina.core.filterchain.DefaultIoFilterChain$EntryImpl$1.messageReceived(DefaultIoFilterChain.java:947)
	at org.apache.mina.core.filterchain.IoFilterAdapter.messageReceived(IoFilterAdapter.java:109)
	at org.apache.mina.core.filterchain.DefaultIoFilterChain.callNextMessageReceived(DefaultIoFilterChain.java:542)
	at org.apache.mina.core.filterchain.DefaultIoFilterChain.fireMessageReceived(DefaultIoFilterChain.java:535)
	at org.apache.mina.core.polling.AbstractPollingIoProcessor.read(AbstractPollingIoProcessor.java:703)
	at org.apache.mina.core.polling.AbstractPollingIoProcessor.process(AbstractPollingIoProcessor.java:659)
	at org.apache.mina.core.polling.AbstractPollingIoProcessor.process(AbstractPollingIoProcessor.java:648)
	at org.apache.mina.core.polling.AbstractPollingIoProcessor.access$600(AbstractPollingIoProcessor.java:68)
	at org.apache.mina.core.polling.AbstractPollingIoProcessor$Processor.run(AbstractPollingIoProcessor.java:1120)
	at org.apache.mina.util.NamePreservingRunnable.run(NamePreservingRunnable.java:64)
	at java.util.concurrent.ThreadPoolExecutor.runWorker(ThreadPoolExecutor.java:1142)
	at java.util.concurrent.ThreadPoolExecutor$Worker.run(ThreadPoolExecutor.java:617)
	at java.lang.Thread.run(Thread.java:745)
