Listening for transport dt_socket at address: 5001
2019-03-04 00:14:13.989: DNA 启动...开始
2019-03-04 00:14:13.993: DNA 启动...java version "1.8.0_111"
2019-03-04 00:14:13.993: DNA 启动...Java(TM) SE Runtime Environment (build 1.8.0_111-b14)
2019-03-04 00:14:13.994: DNA 启动...Java HotSpot(TM) 64-Bit Server VM (build 25.111-b14, mixed mode)
2019-03-04 00:14:13.994: DNA 启动...应用ID：77D733C3EE9D953510E23E68DC238A80
2019-03-04 00:14:14.556: DNA 启动...注册JDBC驱动[MySQLDriver5]，驱动版本[5.1]
2019-03-04 00:14:14.749: DNA 启动...注册JDBC驱动[DB2Driver9]，驱动版本[3.1]
2019-03-04 00:14:14.855: DNA 启动...注册JDBC驱动[OracleDriver11]，驱动版本[11.1]
log4j:WARN No appenders could be found for logger (org.eclipse.jetty.util.log).
log4j:WARN Please initialize the log4j system properly.
2019-03-04 00:14:17.137: DNA 启动...实例化信息定义
2019-03-04 00:14:17.158: DNA 启动...装载多语言信息
2019-03-04 00:14:17.158: DNA 启动...准备启动站点
2019-03-04 00:14:17.163: DNA 启动...实例化表定义
2019-03-04 00:14:17.258: DNA 启动...确定表定义对其他元素的引用
2019-03-04 00:14:17.259: DNA 启动...实例化ORM定义
2019-03-04 00:14:17.286: DNA 启动...确定ORM定义对其他元素的引用
2019-03-04 00:14:17.286: DNA 启动...初始化ORM定义
2019-03-04 00:14:17.287: DNA 启动...实例化模型脚本引擎
2019-03-04 00:14:17.307: DNA 启动...初始化群集资源模式
2019-03-04 00:14:17.307: DNA 启动...实例化服务对象
2019-03-04 00:14:17.466: DNA 启动...注册服务调用器
2019-03-04 00:14:17.845: DNA 启动...确定资源定位信息
2019-03-04 00:14:17.846: DNA 启动...确定资源引用信息
2019-03-04 00:14:17.846: DNA 启动...初始化资源
2019-03-04 00:14:17.929: DNA 启动...半启用日志管理器
2019-03-04 00:14:17.929: DNA 启动...初始化服务
SLF4J: Failed to load class "org.slf4j.impl.StaticLoggerBinder".
SLF4J: Defaulting to no-operation (NOP) logger implementation
SLF4J: See http://www.slf4j.org/codes.html#StaticLoggerBinder for further details.
2019-03-04 00:14:18.087: DNA 启动...启用日志管理器
2019-03-04 00:14:18.088: DNA 启动...站点启动完成
2019-03-04 00:14:18.088: DNA 启动...完毕
java.lang.UnsupportedOperationException: 不允许通过其他线程访问上下文
	at com.jiuqi.dna.core.impl.ContextImpl.checkValid(ContextImpl.java:3596)
	at com.jiuqi.dna.core.impl.ContextImpl.doAsyncHandle(ContextImpl.java:421)
	at com.jiuqi.dna.core.impl.ContextImpl.asyncHandle(ContextImpl.java:475)
	at com.squarms.deploy.core.GeneralDeployMinaService.messageReceived(GeneralDeployMinaService.java:97)
	at org.apache.mina.core.filterchain.DefaultIoFilterChain$TailFilter.messageReceived(DefaultIoFilterChain.java:858)
	at org.apache.mina.core.filterchain.DefaultIoFilterChain.callNextMessageReceived(DefaultIoFilterChain.java:542)
	at org.apache.mina.core.filterchain.DefaultIoFilterChain.access$1300(DefaultIoFilterChain.java:48)
	at org.apache.mina.core.filterchain.DefaultIoFilterChain$EntryImpl$1.messageReceived(DefaultIoFilterChain.java:947)
	at org.apache.mina.filter.codec.ProtocolCodecFilter$ProtocolDecoderOutputImpl.flush(ProtocolCodecFilter.java:398)
	at org.apache.mina.filter.codec.ProtocolCodecFilter.messageReceived(ProtocolCodecFilter.java:234)
	at org.apache.mina.core.filterchain.DefaultIoFilterChain.callNextMessageReceived(DefaultIoFilterChain.java:542)
	at org.apache.mina.core.filterchain.DefaultIoFilterChain.access$1300(DefaultIoFilterChain.java:48)
	at org.apache.mina.core.filterchain.DefaultIoFilterChain$EntryImpl$1.messageReceived(DefaultIoFilterChain.java:947)
	at org.apache.mina.core.filterchain.IoFilterAdapter.messageReceived(IoFilterAdapter.java:109)
	at org.apache.mina.core.filterchain.DefaultIoFilterChain.callNextMessageReceived(DefaultIoFilterChain.java:542)
	at org.apache.mina.core.filterchain.DefaultIoFilterChain.fireMessageReceived(DefaultIoFilterChain.java:535)
	at org.apache.mina.core.polling.AbstractPollingIoProcessor.read(AbstractPollingIoProcessor.java:703)
	at org.apache.mina.core.polling.AbstractPollingIoProcessor.process(AbstractPollingIoProcessor.java:659)
	at org.apache.mina.core.polling.AbstractPollingIoProcessor.process(AbstractPollingIoProcessor.java:648)
	at org.apache.mina.core.polling.AbstractPollingIoProcessor.access$600(AbstractPollingIoProcessor.java:68)
	at org.apache.mina.core.polling.AbstractPollingIoProcessor$Processor.run(AbstractPollingIoProcessor.java:1120)
	at org.apache.mina.util.NamePreservingRunnable.run(NamePreservingRunnable.java:64)
	at java.util.concurrent.ThreadPoolExecutor.runWorker(ThreadPoolExecutor.java:1142)
	at java.util.concurrent.ThreadPoolExecutor$Worker.run(ThreadPoolExecutor.java:617)
	at java.lang.Thread.run(Thread.java:745)
java.lang.UnsupportedOperationException: 不允许通过其他线程访问上下文
	at com.jiuqi.dna.core.impl.ContextImpl.checkValid(ContextImpl.java:3596)
	at com.jiuqi.dna.core.impl.ContextImpl.doAsyncHandle(ContextImpl.java:421)
	at com.jiuqi.dna.core.impl.ContextImpl.asyncHandle(ContextImpl.java:475)
	at com.squarms.deploy.core.GeneralDeployMinaService.messageReceived(GeneralDeployMinaService.java:97)
	at org.apache.mina.core.filterchain.DefaultIoFilterChain$TailFilter.messageReceived(DefaultIoFilterChain.java:858)
	at org.apache.mina.core.filterchain.DefaultIoFilterChain.callNextMessageReceived(DefaultIoFilterChain.java:542)
	at org.apache.mina.core.filterchain.DefaultIoFilterChain.access$1300(DefaultIoFilterChain.java:48)
	at org.apache.mina.core.filterchain.DefaultIoFilterChain$EntryImpl$1.messageReceived(DefaultIoFilterChain.java:947)
	at org.apache.mina.filter.codec.ProtocolCodecFilter$ProtocolDecoderOutputImpl.flush(ProtocolCodecFilter.java:398)
	at org.apache.mina.filter.codec.ProtocolCodecFilter.messageReceived(ProtocolCodecFilter.java:234)
	at org.apache.mina.core.filterchain.DefaultIoFilterChain.callNextMessageReceived(DefaultIoFilterChain.java:542)
	at org.apache.mina.core.filterchain.DefaultIoFilterChain.access$1300(DefaultIoFilterChain.java:48)
	at org.apache.mina.core.filterchain.DefaultIoFilterChain$EntryImpl$1.messageReceived(DefaultIoFilterChain.java:947)
	at org.apache.mina.core.filterchain.IoFilterAdapter.messageReceived(IoFilterAdapter.java:109)
	at org.apache.mina.core.filterchain.DefaultIoFilterChain.callNextMessageReceived(DefaultIoFilterChain.java:542)
	at org.apache.mina.core.filterchain.DefaultIoFilterChain.fireMessageReceived(DefaultIoFilterChain.java:535)
	at org.apache.mina.core.polling.AbstractPollingIoProcessor.read(AbstractPollingIoProcessor.java:703)
	at org.apache.mina.core.polling.AbstractPollingIoProcessor.process(AbstractPollingIoProcessor.java:659)
	at org.apache.mina.core.polling.AbstractPollingIoProcessor.process(AbstractPollingIoProcessor.java:648)
	at org.apache.mina.core.polling.AbstractPollingIoProcessor.access$600(AbstractPollingIoProcessor.java:68)
	at org.apache.mina.core.polling.AbstractPollingIoProcessor$Processor.run(AbstractPollingIoProcessor.java:1120)
	at org.apache.mina.util.NamePreservingRunnable.run(NamePreservingRunnable.java:64)
	at java.util.concurrent.ThreadPoolExecutor.runWorker(ThreadPoolExecutor.java:1142)
	at java.util.concurrent.ThreadPoolExecutor$Worker.run(ThreadPoolExecutor.java:617)
	at java.lang.Thread.run(Thread.java:745)
osgi> java.lang.InterruptedException
	at java.lang.Object.wait(Native Method)
	at java.lang.Object.wait(Object.java:502)
	at com.jiuqi.dna.core.impl.AcquirableAccessor.waitOnce(AcquirableAccessor.java:732)
	at com.jiuqi.dna.core.impl.AcquirableAccessor.waitFor(AcquirableAccessor.java:721)
	at com.jiuqi.dna.core.impl.AcquirableAccessor.upgradable(AcquirableAccessor.java:48)
	at com.jiuqi.dna.core.impl.Transaction.lock(Transaction.java:398)
	at com.jiuqi.dna.core.impl.Transaction.handleAcquirable(Transaction.java:416)
	at com.jiuqi.dna.core.impl.CacheGroup.localTryModifyHolder(CacheGroup.java:1007)
	at com.jiuqi.dna.core.impl.ContextImpl.internalModifyResource(ContextImpl.java:4921)
	at com.jiuqi.dna.core.impl.ContextImpl.modifyResource(ContextImpl.java:4824)
	at com.squarms.deploy.core.internal.service.SystemNodeManageService.updateSystemNodeInfo(SystemNodeManageService.java:437)
	at com.squarms.deploy.core.internal.service.SystemNodeManageService.access$1(SystemNodeManageService.java:379)
	at com.squarms.deploy.core.internal.service.SystemNodeManageService$SyncServerInfoOnceTaskHandler.handle(SystemNodeManageService.java:311)
	at com.squarms.deploy.core.internal.service.SystemNodeManageService$SyncServerInfoOnceTaskHandler.handle(SystemNodeManageService.java:1)
	at com.jiuqi.dna.core.resource.ResourceService$SimpleTaskMethodHandler.handle(ResourceService.java:1)
	at com.jiuqi.dna.core.impl.ServiceBase$TaskMethodHandler.handle(ServiceBase.java:1)
	at com.jiuqi.dna.core.impl.ContextImpl.serviceHandleTask(ContextImpl.java:349)
	at com.jiuqi.dna.core.impl.AsyncTaskImpl.workDoing(AsyncTaskImpl.java:146)
	at com.jiuqi.dna.core.spi.work.Work.doWork(Work.java:345)
	at com.jiuqi.dna.core.spi.work.WorkingThread.run(WorkingThread.java:44)
java.lang.InterruptedException
	at com.jiuqi.dna.core.impl.ContextImpl.checkValid(ContextImpl.java:3602)
	at com.jiuqi.dna.core.impl.ContextImpl.internalGetList(ContextImpl.java:1958)
	at com.jiuqi.dna.core.impl.ContextImpl.getList(ContextImpl.java:1449)
	at com.squarms.deploy.core.internal.service.SystemNodeManageService.updateSystemNodeInfo(SystemNodeManageService.java:435)
	at com.squarms.deploy.core.internal.service.SystemNodeManageService.access$1(SystemNodeManageService.java:379)
	at com.squarms.deploy.core.internal.service.SystemNodeManageService$SyncServerInfoOnceTaskHandler.handle(SystemNodeManageService.java:311)
	at com.squarms.deploy.core.internal.service.SystemNodeManageService$SyncServerInfoOnceTaskHandler.handle(SystemNodeManageService.java:1)
	at com.jiuqi.dna.core.resource.ResourceService$SimpleTaskMethodHandler.handle(ResourceService.java:1)
	at com.jiuqi.dna.core.impl.ServiceBase$TaskMethodHandler.handle(ServiceBase.java:1)
	at com.jiuqi.dna.core.impl.ContextImpl.serviceHandleTask(ContextImpl.java:349)
	at com.jiuqi.dna.core.impl.AsyncTaskImpl.workDoing(AsyncTaskImpl.java:146)
	at com.jiuqi.dna.core.spi.work.Work.doWork(Work.java:345)
	at com.jiuqi.dna.core.spi.work.WorkingThread.run(WorkingThread.java:44)
三月 04, 2019 12:24:29 上午 org.apache.http.impl.execchain.RetryExec execute
信息: I/O exception (java.net.SocketException) caught when processing request to {}->http://ip.taobao.com:80: Connection reset
三月 04, 2019 12:24:29 上午 org.apache.http.impl.execchain.RetryExec execute
信息: Retrying request to {}->http://ip.taobao.com:80
java.util.ConcurrentModificationException
	at java.util.HashMap$HashIterator.nextNode(HashMap.java:1437)
	at java.util.HashMap$KeyIterator.next(HashMap.java:1461)
	at com.squarms.deploy.core.RobotDeployMinaService.testAll(RobotDeployMinaService.java:78)
	at com.squarms.xoms.deploy.core.internal.service.RobotStatusService$RobotTestTaskHandler.handle(RobotStatusService.java:62)
	at com.squarms.xoms.deploy.core.internal.service.RobotStatusService$RobotTestTaskHandler.handle(RobotStatusService.java:1)
	at com.jiuqi.dna.core.resource.ResourceService$SimpleTaskMethodHandler.handle(ResourceService.java:1)
	at com.jiuqi.dna.core.impl.ServiceBase$TaskMethodHandler.handle(ServiceBase.java:1)
	at com.jiuqi.dna.core.impl.ContextImpl.serviceHandleTask(ContextImpl.java:349)
	at com.jiuqi.dna.core.impl.AsyncTaskImpl.workDoing(AsyncTaskImpl.java:146)
	at com.jiuqi.dna.core.spi.work.Work.doWork(Work.java:345)
	at com.jiuqi.dna.core.spi.work.WorkingThread.run(WorkingThread.java:44)
三月 04, 2019 12:28:53 上午 org.apache.http.impl.execchain.RetryExec execute
信息: I/O exception (java.net.SocketException) caught when processing request to {}->http://ip.taobao.com:80: Connection reset
三月 04, 2019 12:28:53 上午 org.apache.http.impl.execchain.RetryExec execute
信息: Retrying request to {}->http://ip.taobao.com:80
java.util.ConcurrentModificationException
	at java.util.HashMap$HashIterator.nextNode(HashMap.java:1437)
	at java.util.HashMap$KeyIterator.next(HashMap.java:1461)
	at com.squarms.deploy.core.RobotDeployMinaService.testAll(RobotDeployMinaService.java:82)
	at com.squarms.xoms.deploy.core.internal.service.RobotStatusService$RobotTestTaskHandler.handle(RobotStatusService.java:62)
	at com.squarms.xoms.deploy.core.internal.service.RobotStatusService$RobotTestTaskHandler.handle(RobotStatusService.java:1)
	at com.jiuqi.dna.core.resource.ResourceService$SimpleTaskMethodHandler.handle(ResourceService.java:1)
	at com.jiuqi.dna.core.impl.ServiceBase$TaskMethodHandler.handle(ServiceBase.java:1)
	at com.jiuqi.dna.core.impl.ContextImpl.serviceHandleTask(ContextImpl.java:349)
	at com.jiuqi.dna.core.impl.AsyncTaskImpl.workDoing(AsyncTaskImpl.java:146)
	at com.jiuqi.dna.core.spi.work.Work.doWork(Work.java:345)
	at com.jiuqi.dna.core.spi.work.WorkingThread.run(WorkingThread.java:44)
