Listening for transport dt_socket at address: 5001
2019-03-19 15:21:46.041: DNA 启动...开始
2019-03-19 15:21:46.043: DNA 启动...java version "1.8.0_111"
2019-03-19 15:21:46.043: DNA 启动...Java(TM) SE Runtime Environment (build 1.8.0_111-b14)
2019-03-19 15:21:46.043: DNA 启动...Java HotSpot(TM) 64-Bit Server VM (build 25.111-b14, mixed mode)
2019-03-19 15:21:46.044: DNA 启动...应用ID：7B7FD7C4B0DD11D48F7DCDFB8C2472AB
2019-03-19 15:21:46.478: DNA 启动...注册JDBC驱动[MySQLDriver5]，驱动版本[5.1]
2019-03-19 15:21:46.673: DNA 启动...注册JDBC驱动[DB2Driver9]，驱动版本[3.1]
2019-03-19 15:21:46.821: DNA 启动...注册JDBC驱动[OracleDriver11]，驱动版本[11.1]
log4j:WARN No appenders could be found for logger (org.eclipse.jetty.util.log).
log4j:WARN Please initialize the log4j system properly.
2019-03-19 15:21:49.095: DNA 启动...实例化信息定义
2019-03-19 15:21:49.114: DNA 启动...装载多语言信息
2019-03-19 15:21:49.115: DNA 启动...准备启动站点
2019-03-19 15:21:49.115: DNA 启动...实例化表定义
2019-03-19 15:21:49.224: DNA 启动...确定表定义对其他元素的引用
2019-03-19 15:21:49.224: DNA 启动...实例化ORM定义
2019-03-19 15:21:49.251: DNA 启动...确定ORM定义对其他元素的引用
2019-03-19 15:21:49.251: DNA 启动...初始化ORM定义
2019-03-19 15:21:49.251: DNA 启动...实例化模型脚本引擎
2019-03-19 15:21:49.272: DNA 启动...初始化群集资源模式
2019-03-19 15:21:49.272: DNA 启动...实例化服务对象
2019-03-19 15:21:49.511: DNA 启动...注册服务调用器
2019-03-19 15:21:50.392: DNA 启动...确定资源定位信息
2019-03-19 15:21:50.396: DNA 启动...确定资源引用信息
2019-03-19 15:21:50.396: DNA 启动...初始化资源
2019-03-19 15:21:50.522: DNA 启动...半启用日志管理器
2019-03-19 15:21:50.522: DNA 启动...初始化服务
SLF4J: Failed to load class "org.slf4j.impl.StaticLoggerBinder".
SLF4J: Defaulting to no-operation (NOP) logger implementation
SLF4J: See http://www.slf4j.org/codes.html#StaticLoggerBinder for further details.
2019-03-19 15:21:50.773: DNA 启动...启用日志管理器
2019-03-19 15:21:50.773: DNA 启动...站点启动完成
2019-03-19 15:21:50.773: DNA 启动...完毕
osgi> Mar 19, 2019 3:23:31 PM org.apache.http.impl.execchain.RetryExec execute
INFO: I/O exception (java.net.SocketException) caught when processing request to {}->http://ip.taobao.com:80: Connection reset
Mar 19, 2019 3:23:31 PM org.apache.http.impl.execchain.RetryExec execute
INFO: Retrying request to {}->http://ip.taobao.com:80
Mar 19, 2019 3:23:49 PM org.apache.http.impl.execchain.RetryExec execute
INFO: I/O exception (java.net.SocketException) caught when processing request to {}->http://ip.taobao.com:80: Connection reset
Mar 19, 2019 3:23:49 PM org.apache.http.impl.execchain.RetryExec execute
INFO: Retrying request to {}->http://ip.taobao.com:80
Mar 19, 2019 3:23:57 PM org.apache.http.impl.execchain.RetryExec execute
INFO: I/O exception (java.net.SocketException) caught when processing request to {}->http://ip.taobao.com:80: Connection reset
Mar 19, 2019 3:23:57 PM org.apache.http.impl.execchain.RetryExec execute
INFO: Retrying request to {}->http://ip.taobao.com:80
Mar 19, 2019 3:24:00 PM org.apache.http.impl.execchain.RetryExec execute
INFO: I/O exception (java.net.SocketException) caught when processing request to {}->http://ip.taobao.com:80: Connection reset
Mar 19, 2019 3:24:00 PM org.apache.http.impl.execchain.RetryExec execute
INFO: Retrying request to {}->http://ip.taobao.com:80
Mar 19, 2019 3:24:01 PM org.apache.http.impl.execchain.RetryExec execute
INFO: I/O exception (java.net.SocketException) caught when processing request to {}->http://ip.taobao.com:80: Connection reset
Mar 19, 2019 3:24:01 PM org.apache.http.impl.execchain.RetryExec execute
INFO: Retrying request to {}->http://ip.taobao.com:80
