Listening for transport dt_socket at address: 5001
2019-03-03 21:26:51.198: DNA 启动...开始
2019-03-03 21:26:51.199: DNA 启动...java version "1.8.0_111"
2019-03-03 21:26:51.200: DNA 启动...Java(TM) SE Runtime Environment (build 1.8.0_111-b14)
2019-03-03 21:26:51.200: DNA 启动...Java HotSpot(TM) 64-Bit Server VM (build 25.111-b14, mixed mode)
2019-03-03 21:26:51.202: DNA 启动...应用ID：21B1BA25EB6D2BA25304D6735F647D1D
2019-03-03 21:26:51.592: DNA 启动...注册JDBC驱动[MySQLDriver5]，驱动版本[5.1]
2019-03-03 21:26:51.685: DNA 启动...注册JDBC驱动[DB2Driver9]，驱动版本[3.1]
2019-03-03 21:26:51.780: DNA 启动...注册JDBC驱动[OracleDriver11]，驱动版本[11.1]
log4j:WARN No appenders could be found for logger (org.eclipse.jetty.util.log).
log4j:WARN Please initialize the log4j system properly.
2019-03-03 21:26:53.756: DNA 启动...实例化信息定义
2019-03-03 21:26:53.772: DNA 启动...装载多语言信息
2019-03-03 21:26:53.773: DNA 启动...准备启动站点
2019-03-03 21:26:53.773: DNA 启动...实例化表定义
2019-03-03 21:26:53.884: DNA 启动...确定表定义对其他元素的引用
2019-03-03 21:26:53.884: DNA 启动...实例化ORM定义
2019-03-03 21:26:53.911: DNA 启动...确定ORM定义对其他元素的引用
2019-03-03 21:26:53.912: DNA 启动...初始化ORM定义
2019-03-03 21:26:53.912: DNA 启动...实例化模型脚本引擎
2019-03-03 21:26:53.929: DNA 启动...初始化群集资源模式
2019-03-03 21:26:53.929: DNA 启动...实例化服务对象
2019-03-03 21:26:54.075: DNA 启动...注册服务调用器
2019-03-03 21:26:54.423: DNA 启动...确定资源定位信息
2019-03-03 21:26:54.429: DNA 启动...确定资源引用信息
2019-03-03 21:26:54.429: DNA 启动...初始化资源
2019-03-03 21:26:54.515: DNA 启动...半启用日志管理器
2019-03-03 21:26:54.515: DNA 启动...初始化服务
SLF4J: Failed to load class "org.slf4j.impl.StaticLoggerBinder".
SLF4J: Defaulting to no-operation (NOP) logger implementation
SLF4J: See http://www.slf4j.org/codes.html#StaticLoggerBinder for further details.
2019-03-03 21:26:54.701: DNA 启动...启用日志管理器
2019-03-03 21:26:54.702: DNA 启动...站点启动完成
2019-03-03 21:26:54.702: DNA 启动...完毕
java.lang.UnsupportedOperationException: 不允许通过其他线程访问上下文
	at com.jiuqi.dna.core.impl.ContextImpl.checkValid(ContextImpl.java:3596)
	at com.jiuqi.dna.core.impl.ContextImpl.doAsyncHandle(ContextImpl.java:421)
	at com.jiuqi.dna.core.impl.ContextImpl.asyncHandle(ContextImpl.java:475)
	at com.squarms.deploy.core.GeneralDeployMinaService.messageReceived(GeneralDeployMinaService.java:104)
	at org.apache.mina.core.filterchain.DefaultIoFilterChain$TailFilter.messageReceived(DefaultIoFilterChain.java:858)
	at org.apache.mina.core.filterchain.DefaultIoFilterChain.callNextMessageReceived(DefaultIoFilterChain.java:542)
	at org.apache.mina.core.filterchain.DefaultIoFilterChain.access$1300(DefaultIoFilterChain.java:48)
	at org.apache.mina.core.filterchain.DefaultIoFilterChain$EntryImpl$1.messageReceived(DefaultIoFilterChain.java:947)
	at org.apache.mina.filter.codec.ProtocolCodecFilter$ProtocolDecoderOutputImpl.flush(ProtocolCodecFilter.java:398)
	at org.apache.mina.filter.codec.ProtocolCodecFilter.messageReceived(ProtocolCodecFilter.java:234)
	at org.apache.mina.core.filterchain.DefaultIoFilterChain.callNextMessageReceived(DefaultIoFilterChain.java:542)
	at org.apache.mina.core.filterchain.DefaultIoFilterChain.access$1300(DefaultIoFilterChain.java:48)
	at org.apache.mina.core.filterchain.DefaultIoFilterChain$EntryImpl$1.messageReceived(DefaultIoFilterChain.java:947)
	at org.apache.mina.core.filterchain.IoFilterAdapter.messageReceived(IoFilterAdapter.java:109)
	at org.apache.mina.core.filterchain.DefaultIoFilterChain.callNextMessageReceived(DefaultIoFilterChain.java:542)
	at org.apache.mina.core.filterchain.DefaultIoFilterChain.fireMessageReceived(DefaultIoFilterChain.java:535)
	at org.apache.mina.core.polling.AbstractPollingIoProcessor.read(AbstractPollingIoProcessor.java:703)
	at org.apache.mina.core.polling.AbstractPollingIoProcessor.process(AbstractPollingIoProcessor.java:659)
	at org.apache.mina.core.polling.AbstractPollingIoProcessor.process(AbstractPollingIoProcessor.java:648)
	at org.apache.mina.core.polling.AbstractPollingIoProcessor.access$600(AbstractPollingIoProcessor.java:68)
	at org.apache.mina.core.polling.AbstractPollingIoProcessor$Processor.run(AbstractPollingIoProcessor.java:1120)
	at org.apache.mina.util.NamePreservingRunnable.run(NamePreservingRunnable.java:64)
	at java.util.concurrent.ThreadPoolExecutor.runWorker(ThreadPoolExecutor.java:1142)
	at java.util.concurrent.ThreadPoolExecutor$Worker.run(ThreadPoolExecutor.java:617)
	at java.lang.Thread.run(Thread.java:745)
osgi> java.lang.UnsupportedOperationException: 不允许通过其他线程访问上下文
	at com.jiuqi.dna.core.impl.ContextImpl.checkValid(ContextImpl.java:3596)
	at com.jiuqi.dna.core.impl.ContextImpl.doAsyncHandle(ContextImpl.java:421)
	at com.jiuqi.dna.core.impl.ContextImpl.asyncHandle(ContextImpl.java:475)
	at com.squarms.deploy.core.GeneralDeployMinaService.messageReceived(GeneralDeployMinaService.java:104)
	at org.apache.mina.core.filterchain.DefaultIoFilterChain$TailFilter.messageReceived(DefaultIoFilterChain.java:858)
	at org.apache.mina.core.filterchain.DefaultIoFilterChain.callNextMessageReceived(DefaultIoFilterChain.java:542)
	at org.apache.mina.core.filterchain.DefaultIoFilterChain.access$1300(DefaultIoFilterChain.java:48)
	at org.apache.mina.core.filterchain.DefaultIoFilterChain$EntryImpl$1.messageReceived(DefaultIoFilterChain.java:947)
	at org.apache.mina.filter.codec.ProtocolCodecFilter$ProtocolDecoderOutputImpl.flush(ProtocolCodecFilter.java:398)
	at org.apache.mina.filter.codec.ProtocolCodecFilter.messageReceived(ProtocolCodecFilter.java:234)
	at org.apache.mina.core.filterchain.DefaultIoFilterChain.callNextMessageReceived(DefaultIoFilterChain.java:542)
	at org.apache.mina.core.filterchain.DefaultIoFilterChain.access$1300(DefaultIoFilterChain.java:48)
	at org.apache.mina.core.filterchain.DefaultIoFilterChain$EntryImpl$1.messageReceived(DefaultIoFilterChain.java:947)
	at org.apache.mina.core.filterchain.IoFilterAdapter.messageReceived(IoFilterAdapter.java:109)
	at org.apache.mina.core.filterchain.DefaultIoFilterChain.callNextMessageReceived(DefaultIoFilterChain.java:542)
	at org.apache.mina.core.filterchain.DefaultIoFilterChain.fireMessageReceived(DefaultIoFilterChain.java:535)
	at org.apache.mina.core.polling.AbstractPollingIoProcessor.read(AbstractPollingIoProcessor.java:703)
	at org.apache.mina.core.polling.AbstractPollingIoProcessor.process(AbstractPollingIoProcessor.java:659)
	at org.apache.mina.core.polling.AbstractPollingIoProcessor.process(AbstractPollingIoProcessor.java:648)
	at org.apache.mina.core.polling.AbstractPollingIoProcessor.access$600(AbstractPollingIoProcessor.java:68)
	at org.apache.mina.core.polling.AbstractPollingIoProcessor$Processor.run(AbstractPollingIoProcessor.java:1120)
	at org.apache.mina.util.NamePreservingRunnable.run(NamePreservingRunnable.java:64)
	at java.util.concurrent.ThreadPoolExecutor.runWorker(ThreadPoolExecutor.java:1142)
	at java.util.concurrent.ThreadPoolExecutor$Worker.run(ThreadPoolExecutor.java:617)
	at java.lang.Thread.run(Thread.java:745)
java.lang.RuntimeException: Cannot run program "tvnserver": CreateProcess error=2, 系统找不到指定的文件。
	at com.squarms.deploy.core.GeneralDeployMinaService.sendMessage(GeneralDeployMinaService.java:206)
	at com.squarms.deploy.core.internal.service.SystemNodeManageService.invokeDeployService(SystemNodeManageService.java:539)
	at com.squarms.deploy.core.internal.service.SystemNodeManageService.access$0(SystemNodeManageService.java:537)
	at com.squarms.deploy.core.internal.service.SystemNodeManageService$VNCNotifyConnectTaskHandler.handle(SystemNodeManageService.java:557)
	at com.squarms.deploy.core.internal.service.SystemNodeManageService$VNCNotifyConnectTaskHandler.handle(SystemNodeManageService.java:1)
	at com.jiuqi.dna.core.resource.ResourceService$SimpleTaskMethodHandler.handle(ResourceService.java:1)
	at com.jiuqi.dna.core.impl.ServiceBase$TaskMethodHandler.handle(ServiceBase.java:1)
	at com.jiuqi.dna.core.impl.ContextImpl.serviceHandleTask(ContextImpl.java:349)
	at com.jiuqi.dna.core.impl.AsyncTaskImpl.workDoing(AsyncTaskImpl.java:146)
	at com.jiuqi.dna.core.spi.work.Work.doWork(Work.java:345)
	at com.jiuqi.dna.core.spi.work.WorkingThread.run(WorkingThread.java:44)
java.lang.RuntimeException: Cannot run program "tvnserver": CreateProcess error=2, 系统找不到指定的文件。
	at com.squarms.deploy.core.GeneralDeployMinaService.sendMessage(GeneralDeployMinaService.java:206)
	at com.squarms.deploy.core.internal.service.SystemNodeManageService.invokeDeployService(SystemNodeManageService.java:539)
	at com.squarms.deploy.core.internal.service.SystemNodeManageService.access$0(SystemNodeManageService.java:537)
	at com.squarms.deploy.core.internal.service.SystemNodeManageService$VNCNotifyConnectTaskHandler.handle(SystemNodeManageService.java:557)
	at com.squarms.deploy.core.internal.service.SystemNodeManageService$VNCNotifyConnectTaskHandler.handle(SystemNodeManageService.java:1)
	at com.jiuqi.dna.core.resource.ResourceService$SimpleTaskMethodHandler.handle(ResourceService.java:1)
	at com.jiuqi.dna.core.impl.ServiceBase$TaskMethodHandler.handle(ServiceBase.java:1)
	at com.jiuqi.dna.core.impl.ContextImpl.serviceHandleTask(ContextImpl.java:349)
	at com.jiuqi.dna.core.impl.AsyncTaskImpl.workDoing(AsyncTaskImpl.java:146)
	at com.jiuqi.dna.core.spi.work.Work.doWork(Work.java:345)
	at com.jiuqi.dna.core.spi.work.WorkingThread.run(WorkingThread.java:44)
三月 03, 2019 9:30:49 下午 org.apache.http.impl.execchain.RetryExec execute
信息: I/O exception (java.net.SocketException) caught when processing request to {}->http://ip.taobao.com:80: Connection reset
三月 03, 2019 9:30:49 下午 org.apache.http.impl.execchain.RetryExec execute
信息: Retrying request to {}->http://ip.taobao.com:80
三月 03, 2019 9:31:49 下午 org.apache.http.impl.execchain.RetryExec execute
信息: I/O exception (java.net.SocketException) caught when processing request to {}->http://ip.taobao.com:80: Connection reset
三月 03, 2019 9:31:49 下午 org.apache.http.impl.execchain.RetryExec execute
信息: Retrying request to {}->http://ip.taobao.com:80
三月 03, 2019 9:31:52 下午 org.apache.http.impl.execchain.RetryExec execute
信息: I/O exception (java.net.SocketException) caught when processing request to {}->http://ip.taobao.com:80: Connection reset
三月 03, 2019 9:31:52 下午 org.apache.http.impl.execchain.RetryExec execute
信息: Retrying request to {}->http://ip.taobao.com:80
三月 03, 2019 9:31:57 下午 org.apache.http.impl.execchain.RetryExec execute
信息: I/O exception (java.net.SocketException) caught when processing request to {}->http://ip.taobao.com:80: Connection reset
三月 03, 2019 9:31:57 下午 org.apache.http.impl.execchain.RetryExec execute
信息: Retrying request to {}->http://ip.taobao.com:80
三月 03, 2019 9:34:08 下午 org.apache.http.impl.execchain.RetryExec execute
信息: I/O exception (org.apache.http.NoHttpResponseException) caught when processing request to {}->http://ip.taobao.com:80: The target server failed to respond
三月 03, 2019 9:34:08 下午 org.apache.http.impl.execchain.RetryExec execute
信息: Retrying request to {}->http://ip.taobao.com:80
三月 03, 2019 9:35:03 下午 org.apache.http.impl.execchain.RetryExec execute
信息: I/O exception (java.net.SocketException) caught when processing request to {}->http://ip.taobao.com:80: Connection reset
三月 03, 2019 9:35:03 下午 org.apache.http.impl.execchain.RetryExec execute
信息: Retrying request to {}->http://ip.taobao.com:80
三月 03, 2019 9:35:04 下午 org.apache.http.impl.execchain.RetryExec execute
信息: I/O exception (java.net.SocketException) caught when processing request to {}->http://ip.taobao.com:80: Connection reset
三月 03, 2019 9:35:04 下午 org.apache.http.impl.execchain.RetryExec execute
信息: Retrying request to {}->http://ip.taobao.com:80
三月 03, 2019 9:46:22 下午 org.apache.http.impl.execchain.RetryExec execute
信息: I/O exception (java.net.SocketException) caught when processing request to {}->http://ip.taobao.com:80: 连接超时 (Read failed)
三月 03, 2019 9:46:22 下午 org.apache.http.impl.execchain.RetryExec execute
信息: Retrying request to {}->http://ip.taobao.com:80
三月 03, 2019 9:46:22 下午 org.apache.http.impl.execchain.RetryExec execute
信息: I/O exception (java.net.SocketException) caught when processing request to {}->http://ip.taobao.com:80: Connection reset
三月 03, 2019 9:46:22 下午 org.apache.http.impl.execchain.RetryExec execute
信息: Retrying request to {}->http://ip.taobao.com:80
三月 03, 2019 9:46:30 下午 org.apache.http.impl.execchain.RetryExec execute
信息: I/O exception (java.net.SocketException) caught when processing request to {}->http://ip.taobao.com:80: 连接超时 (Read failed)
三月 03, 2019 9:46:30 下午 org.apache.http.impl.execchain.RetryExec execute
信息: Retrying request to {}->http://ip.taobao.com:80
三月 03, 2019 9:47:30 下午 org.apache.http.impl.execchain.RetryExec execute
信息: I/O exception (java.net.SocketException) caught when processing request to {}->http://ip.taobao.com:80: 连接超时 (Read failed)
三月 03, 2019 9:47:30 下午 org.apache.http.impl.execchain.RetryExec execute
信息: Retrying request to {}->http://ip.taobao.com:80
三月 03, 2019 9:47:34 下午 org.apache.http.impl.execchain.RetryExec execute
信息: I/O exception (java.net.SocketException) caught when processing request to {}->http://ip.taobao.com:80: 拒绝连接 (Read failed)
三月 03, 2019 9:47:34 下午 org.apache.http.impl.execchain.RetryExec execute
信息: Retrying request to {}->http://ip.taobao.com:80
三月 03, 2019 9:50:49 下午 org.apache.http.impl.execchain.RetryExec execute
信息: I/O exception (java.net.SocketException) caught when processing request to {}->http://ip.taobao.com:80: 连接超时 (Read failed)
三月 03, 2019 9:50:49 下午 org.apache.http.impl.execchain.RetryExec execute
信息: Retrying request to {}->http://ip.taobao.com:80
三月 03, 2019 9:51:02 下午 org.apache.http.impl.execchain.RetryExec execute
信息: I/O exception (java.net.SocketException) caught when processing request to {}->http://ip.taobao.com:80: 连接超时 (Read failed)
三月 03, 2019 9:51:02 下午 org.apache.http.impl.execchain.RetryExec execute
信息: Retrying request to {}->http://ip.taobao.com:80
三月 03, 2019 9:51:44 下午 org.apache.http.impl.execchain.RetryExec execute
信息: I/O exception (java.net.SocketException) caught when processing request to {}->http://ip.taobao.com:80: 拒绝连接 (Read failed)
三月 03, 2019 9:51:44 下午 org.apache.http.impl.execchain.RetryExec execute
信息: Retrying request to {}->http://ip.taobao.com:80
java.lang.RuntimeException: 在开始异步任务[com.squarms.xoms.deploy.core.internal.service.RobotStatusService$RobotTestTask]时发生异常。
	at com.jiuqi.dna.core.impl.AsyncTaskImpl.workBeginning(AsyncTaskImpl.java:82)
	at com.jiuqi.dna.core.spi.work.Work.beforeDoingNoSync(Work.java:279)
	at com.jiuqi.dna.core.spi.work.Work.doWork(Work.java:323)
	at com.jiuqi.dna.core.spi.work.WorkingThread.run(WorkingThread.java:44)
Caused by: com.jiuqi.dna.core.exception.SessionDisposedException: 会话已经销毁或过期
	at com.jiuqi.dna.core.impl.SessionImpl.checkNotDisposedNoSync(SessionImpl.java:641)
	at com.jiuqi.dna.core.impl.SessionImpl.contextCreated(SessionImpl.java:343)
	at com.jiuqi.dna.core.impl.ContextImpl.<init>(ContextImpl.java:1092)
	at com.jiuqi.dna.core.impl.SessionImpl.newContext(SessionImpl.java:505)
	at com.jiuqi.dna.core.impl.AsyncServiceInvoke.workBeginning(AsyncServiceInvoke.java:30)
	at com.jiuqi.dna.core.impl.AsyncTaskImpl.workBeginning(AsyncTaskImpl.java:80)
	... 3 more
java.lang.InterruptedException
	at com.jiuqi.dna.core.impl.ContextImpl.checkValid(ContextImpl.java:3602)
	at com.jiuqi.dna.core.impl.ContextImpl.internalGetList(ContextImpl.java:1958)
	at com.jiuqi.dna.core.impl.ContextImpl.getList(ContextImpl.java:1449)
	at com.squarms.deploy.core.internal.service.SystemNodeManageService.updateSystemNodeInfo(SystemNodeManageService.java:454)
	at com.squarms.deploy.core.internal.service.SystemNodeManageService.access$1(SystemNodeManageService.java:396)
	at com.squarms.deploy.core.internal.service.SystemNodeManageService$SyncServerInfoOnceTaskHandler.handle(SystemNodeManageService.java:320)
	at com.squarms.deploy.core.internal.service.SystemNodeManageService$SyncServerInfoOnceTaskHandler.handle(SystemNodeManageService.java:1)
	at com.jiuqi.dna.core.resource.ResourceService$SimpleTaskMethodHandler.handle(ResourceService.java:1)
	at com.jiuqi.dna.core.impl.ServiceBase$TaskMethodHandler.handle(ServiceBase.java:1)
	at com.jiuqi.dna.core.impl.ContextImpl.serviceHandleTask(ContextImpl.java:349)
	at com.jiuqi.dna.core.impl.AsyncTaskImpl.workDoing(AsyncTaskImpl.java:146)
	at com.jiuqi.dna.core.spi.work.Work.doWork(Work.java:345)
	at com.jiuqi.dna.core.spi.work.WorkingThread.run(WorkingThread.java:44)
java.lang.InterruptedException
	at com.jiuqi.dna.core.impl.ContextImpl.checkValid(ContextImpl.java:3602)
	at com.jiuqi.dna.core.impl.ContextImpl.internalGetList(ContextImpl.java:1958)
	at com.jiuqi.dna.core.impl.ContextImpl.getList(ContextImpl.java:1449)
	at com.squarms.deploy.core.internal.service.SystemNodeManageService.updateSystemNodeInfo(SystemNodeManageService.java:454)
	at com.squarms.deploy.core.internal.service.SystemNodeManageService.access$1(SystemNodeManageService.java:396)
	at com.squarms.deploy.core.internal.service.SystemNodeManageService$SyncServerInfoOnceTaskHandler.handle(SystemNodeManageService.java:320)
	at com.squarms.deploy.core.internal.service.SystemNodeManageService$SyncServerInfoOnceTaskHandler.handle(SystemNodeManageService.java:1)
	at com.jiuqi.dna.core.resource.ResourceService$SimpleTaskMethodHandler.handle(ResourceService.java:1)
	at com.jiuqi.dna.core.impl.ServiceBase$TaskMethodHandler.handle(ServiceBase.java:1)
	at com.jiuqi.dna.core.impl.ContextImpl.serviceHandleTask(ContextImpl.java:349)
	at com.jiuqi.dna.core.impl.AsyncTaskImpl.workDoing(AsyncTaskImpl.java:146)
	at com.jiuqi.dna.core.spi.work.Work.doWork(Work.java:345)
	at com.jiuqi.dna.core.spi.work.WorkingThread.run(WorkingThread.java:44)
java.lang.InterruptedException
	at com.jiuqi.dna.core.impl.ContextImpl.checkValid(ContextImpl.java:3602)
	at com.jiuqi.dna.core.impl.ContextImpl.internalGetList(ContextImpl.java:1958)
	at com.jiuqi.dna.core.impl.ContextImpl.getList(ContextImpl.java:1449)
	at com.squarms.deploy.core.internal.service.SystemNodeManageService.updateSystemNodeInfo(SystemNodeManageService.java:454)
	at com.squarms.deploy.core.internal.service.SystemNodeManageService.access$1(SystemNodeManageService.java:396)
	at com.squarms.deploy.core.internal.service.SystemNodeManageService$SyncServerInfoOnceTaskHandler.handle(SystemNodeManageService.java:320)
	at com.squarms.deploy.core.internal.service.SystemNodeManageService$SyncServerInfoOnceTaskHandler.handle(SystemNodeManageService.java:1)
	at com.jiuqi.dna.core.resource.ResourceService$SimpleTaskMethodHandler.handle(ResourceService.java:1)
	at com.jiuqi.dna.core.impl.ServiceBase$TaskMethodHandler.handle(ServiceBase.java:1)
	at com.jiuqi.dna.core.impl.ContextImpl.serviceHandleTask(ContextImpl.java:349)
	at com.jiuqi.dna.core.impl.AsyncTaskImpl.workDoing(AsyncTaskImpl.java:146)
	at com.jiuqi.dna.core.spi.work.Work.doWork(Work.java:345)
	at com.jiuqi.dna.core.spi.work.WorkingThread.run(WorkingThread.java:44)
java.lang.InterruptedException
	at com.jiuqi.dna.core.impl.ContextImpl.checkValid(ContextImpl.java:3602)
	at com.jiuqi.dna.core.impl.ContextImpl.internalGetList(ContextImpl.java:1958)
	at com.jiuqi.dna.core.impl.ContextImpl.getList(ContextImpl.java:1449)
	at com.squarms.deploy.core.internal.service.SystemNodeManageService.updateSystemNodeInfo(SystemNodeManageService.java:454)
	at com.squarms.deploy.core.internal.service.SystemNodeManageService.access$1(SystemNodeManageService.java:396)
	at com.squarms.deploy.core.internal.service.SystemNodeManageService$SyncServerInfoOnceTaskHandler.handle(SystemNodeManageService.java:320)
	at com.squarms.deploy.core.internal.service.SystemNodeManageService$SyncServerInfoOnceTaskHandler.handle(SystemNodeManageService.java:1)
	at com.jiuqi.dna.core.resource.ResourceService$SimpleTaskMethodHandler.handle(ResourceService.java:1)
	at com.jiuqi.dna.core.impl.ServiceBase$TaskMethodHandler.handle(ServiceBase.java:1)
	at com.jiuqi.dna.core.impl.ContextImpl.serviceHandleTask(ContextImpl.java:349)
	at com.jiuqi.dna.core.impl.AsyncTaskImpl.workDoing(AsyncTaskImpl.java:146)
	at com.jiuqi.dna.core.spi.work.Work.doWork(Work.java:345)
	at com.jiuqi.dna.core.spi.work.WorkingThread.run(WorkingThread.java:44)
java.lang.InterruptedException
	at com.jiuqi.dna.core.impl.ContextImpl.checkValid(ContextImpl.java:3602)
	at com.jiuqi.dna.core.impl.ContextImpl.internalGetList(ContextImpl.java:1958)
	at com.jiuqi.dna.core.impl.ContextImpl.getList(ContextImpl.java:1449)
	at com.squarms.deploy.core.internal.service.SystemNodeManageService.updateSystemNodeInfo(SystemNodeManageService.java:454)
	at com.squarms.deploy.core.internal.service.SystemNodeManageService.access$1(SystemNodeManageService.java:396)
	at com.squarms.deploy.core.internal.service.SystemNodeManageService$SyncServerInfoOnceTaskHandler.handle(SystemNodeManageService.java:320)
	at com.squarms.deploy.core.internal.service.SystemNodeManageService$SyncServerInfoOnceTaskHandler.handle(SystemNodeManageService.java:1)
	at com.jiuqi.dna.core.resource.ResourceService$SimpleTaskMethodHandler.handle(ResourceService.java:1)
	at com.jiuqi.dna.core.impl.ServiceBase$TaskMethodHandler.handle(ServiceBase.java:1)
	at com.jiuqi.dna.core.impl.ContextImpl.serviceHandleTask(ContextImpl.java:349)
	at com.jiuqi.dna.core.impl.AsyncTaskImpl.workDoing(AsyncTaskImpl.java:146)
	at com.jiuqi.dna.core.spi.work.Work.doWork(Work.java:345)
	at com.jiuqi.dna.core.spi.work.WorkingThread.run(WorkingThread.java:44)
java.lang.InterruptedException
	at com.jiuqi.dna.core.impl.ContextImpl.checkValid(ContextImpl.java:3602)
	at com.jiuqi.dna.core.impl.ContextImpl.internalGetList(ContextImpl.java:1958)
	at com.jiuqi.dna.core.impl.ContextImpl.getList(ContextImpl.java:1449)
	at com.squarms.deploy.core.internal.service.SystemNodeManageService.updateSystemNodeInfo(SystemNodeManageService.java:454)
	at com.squarms.deploy.core.internal.service.SystemNodeManageService.access$1(SystemNodeManageService.java:396)
	at com.squarms.deploy.core.internal.service.SystemNodeManageService$SyncServerInfoOnceTaskHandler.handle(SystemNodeManageService.java:320)
	at com.squarms.deploy.core.internal.service.SystemNodeManageService$SyncServerInfoOnceTaskHandler.handle(SystemNodeManageService.java:1)
	at com.jiuqi.dna.core.resource.ResourceService$SimpleTaskMethodHandler.handle(ResourceService.java:1)
	at com.jiuqi.dna.core.impl.ServiceBase$TaskMethodHandler.handle(ServiceBase.java:1)
	at com.jiuqi.dna.core.impl.ContextImpl.serviceHandleTask(ContextImpl.java:349)
	at com.jiuqi.dna.core.impl.AsyncTaskImpl.workDoing(AsyncTaskImpl.java:146)
	at com.jiuqi.dna.core.spi.work.Work.doWork(Work.java:345)
	at com.jiuqi.dna.core.spi.work.WorkingThread.run(WorkingThread.java:44)
java.lang.InterruptedException
	at com.jiuqi.dna.core.impl.ContextImpl.checkValid(ContextImpl.java:3602)
	at com.jiuqi.dna.core.impl.ContextImpl.internalGetList(ContextImpl.java:1958)
	at com.jiuqi.dna.core.impl.ContextImpl.getList(ContextImpl.java:1449)
	at com.squarms.deploy.core.internal.service.SystemNodeManageService.updateSystemNodeInfo(SystemNodeManageService.java:454)
	at com.squarms.deploy.core.internal.service.SystemNodeManageService.access$1(SystemNodeManageService.java:396)
	at com.squarms.deploy.core.internal.service.SystemNodeManageService$SyncServerInfoOnceTaskHandler.handle(SystemNodeManageService.java:320)
	at com.squarms.deploy.core.internal.service.SystemNodeManageService$SyncServerInfoOnceTaskHandler.handle(SystemNodeManageService.java:1)
	at com.jiuqi.dna.core.resource.ResourceService$SimpleTaskMethodHandler.handle(ResourceService.java:1)
	at com.jiuqi.dna.core.impl.ServiceBase$TaskMethodHandler.handle(ServiceBase.java:1)
	at com.jiuqi.dna.core.impl.ContextImpl.serviceHandleTask(ContextImpl.java:349)
	at com.jiuqi.dna.core.impl.AsyncTaskImpl.workDoing(AsyncTaskImpl.java:146)
	at com.jiuqi.dna.core.spi.work.Work.doWork(Work.java:345)
	at com.jiuqi.dna.core.spi.work.WorkingThread.run(WorkingThread.java:44)
java.lang.InterruptedException
	at com.jiuqi.dna.core.impl.ContextImpl.checkValid(ContextImpl.java:3602)
	at com.jiuqi.dna.core.impl.ContextImpl.internalGetList(ContextImpl.java:1958)
	at com.jiuqi.dna.core.impl.ContextImpl.getList(ContextImpl.java:1449)
	at com.squarms.deploy.core.internal.service.SystemNodeManageService.updateSystemNodeInfo(SystemNodeManageService.java:454)
	at com.squarms.deploy.core.internal.service.SystemNodeManageService.access$1(SystemNodeManageService.java:396)
	at com.squarms.deploy.core.internal.service.SystemNodeManageService$SyncServerInfoOnceTaskHandler.handle(SystemNodeManageService.java:320)
	at com.squarms.deploy.core.internal.service.SystemNodeManageService$SyncServerInfoOnceTaskHandler.handle(SystemNodeManageService.java:1)
	at com.jiuqi.dna.core.resource.ResourceService$SimpleTaskMethodHandler.handle(ResourceService.java:1)
	at com.jiuqi.dna.core.impl.ServiceBase$TaskMethodHandler.handle(ServiceBase.java:1)
	at com.jiuqi.dna.core.impl.ContextImpl.serviceHandleTask(ContextImpl.java:349)
	at com.jiuqi.dna.core.impl.AsyncTaskImpl.workDoing(AsyncTaskImpl.java:146)
	at com.jiuqi.dna.core.spi.work.Work.doWork(Work.java:345)
	at com.jiuqi.dna.core.spi.work.WorkingThread.run(WorkingThread.java:44)
java.lang.InterruptedException
	at com.jiuqi.dna.core.impl.ContextImpl.checkValid(ContextImpl.java:3602)
	at com.jiuqi.dna.core.impl.ContextImpl.internalGetList(ContextImpl.java:1958)
	at com.jiuqi.dna.core.impl.ContextImpl.getList(ContextImpl.java:1449)
	at com.squarms.deploy.core.internal.service.SystemNodeManageService.updateSystemNodeInfo(SystemNodeManageService.java:454)
	at com.squarms.deploy.core.internal.service.SystemNodeManageService.access$1(SystemNodeManageService.java:396)
	at com.squarms.deploy.core.internal.service.SystemNodeManageService$SyncServerInfoOnceTaskHandler.handle(SystemNodeManageService.java:320)
	at com.squarms.deploy.core.internal.service.SystemNodeManageService$SyncServerInfoOnceTaskHandler.handle(SystemNodeManageService.java:1)
	at com.jiuqi.dna.core.resource.ResourceService$SimpleTaskMethodHandler.handle(ResourceService.java:1)
	at com.jiuqi.dna.core.impl.ServiceBase$TaskMethodHandler.handle(ServiceBase.java:1)
	at com.jiuqi.dna.core.impl.ContextImpl.serviceHandleTask(ContextImpl.java:349)
	at com.jiuqi.dna.core.impl.AsyncTaskImpl.workDoing(AsyncTaskImpl.java:146)
	at com.jiuqi.dna.core.spi.work.Work.doWork(Work.java:345)
	at com.jiuqi.dna.core.spi.work.WorkingThread.run(WorkingThread.java:44)
java.lang.InterruptedException
	at com.jiuqi.dna.core.impl.ContextImpl.checkValid(ContextImpl.java:3602)
	at com.jiuqi.dna.core.impl.ContextImpl.internalGetList(ContextImpl.java:1958)
	at com.jiuqi.dna.core.impl.ContextImpl.getList(ContextImpl.java:1449)
	at com.squarms.deploy.core.internal.service.SystemNodeManageService.updateSystemNodeInfo(SystemNodeManageService.java:454)
	at com.squarms.deploy.core.internal.service.SystemNodeManageService.access$1(SystemNodeManageService.java:396)
	at com.squarms.deploy.core.internal.service.SystemNodeManageService$SyncServerInfoOnceTaskHandler.handle(SystemNodeManageService.java:320)
	at com.squarms.deploy.core.internal.service.SystemNodeManageService$SyncServerInfoOnceTaskHandler.handle(SystemNodeManageService.java:1)
	at com.jiuqi.dna.core.resource.ResourceService$SimpleTaskMethodHandler.handle(ResourceService.java:1)
	at com.jiuqi.dna.core.impl.ServiceBase$TaskMethodHandler.handle(ServiceBase.java:1)
	at com.jiuqi.dna.core.impl.ContextImpl.serviceHandleTask(ContextImpl.java:349)
	at com.jiuqi.dna.core.impl.AsyncTaskImpl.workDoing(AsyncTaskImpl.java:146)
	at com.jiuqi.dna.core.spi.work.Work.doWork(Work.java:345)
	at com.jiuqi.dna.core.spi.work.WorkingThread.run(WorkingThread.java:44)
java.lang.InterruptedException
	at com.jiuqi.dna.core.impl.ContextImpl.checkValid(ContextImpl.java:3602)
	at com.jiuqi.dna.core.impl.ContextImpl.internalGetList(ContextImpl.java:1958)
	at com.jiuqi.dna.core.impl.ContextImpl.getList(ContextImpl.java:1449)
	at com.squarms.deploy.core.internal.service.SystemNodeManageService.updateSystemNodeInfo(SystemNodeManageService.java:454)
	at com.squarms.deploy.core.internal.service.SystemNodeManageService.access$1(SystemNodeManageService.java:396)
	at com.squarms.deploy.core.internal.service.SystemNodeManageService$SyncServerInfoOnceTaskHandler.handle(SystemNodeManageService.java:320)
	at com.squarms.deploy.core.internal.service.SystemNodeManageService$SyncServerInfoOnceTaskHandler.handle(SystemNodeManageService.java:1)
	at com.jiuqi.dna.core.resource.ResourceService$SimpleTaskMethodHandler.handle(ResourceService.java:1)
	at com.jiuqi.dna.core.impl.ServiceBase$TaskMethodHandler.handle(ServiceBase.java:1)
	at com.jiuqi.dna.core.impl.ContextImpl.serviceHandleTask(ContextImpl.java:349)
	at com.jiuqi.dna.core.impl.AsyncTaskImpl.workDoing(AsyncTaskImpl.java:146)
	at com.jiuqi.dna.core.spi.work.Work.doWork(Work.java:345)
	at com.jiuqi.dna.core.spi.work.WorkingThread.run(WorkingThread.java:44)
java.lang.InterruptedException
	at com.jiuqi.dna.core.impl.ContextImpl.checkValid(ContextImpl.java:3602)
	at com.jiuqi.dna.core.impl.ContextImpl.internalGetList(ContextImpl.java:1958)
	at com.jiuqi.dna.core.impl.ContextImpl.getList(ContextImpl.java:1449)
	at com.squarms.deploy.core.internal.service.SystemNodeManageService.updateSystemNodeInfo(SystemNodeManageService.java:454)
	at com.squarms.deploy.core.internal.service.SystemNodeManageService.access$1(SystemNodeManageService.java:396)
	at com.squarms.deploy.core.internal.service.SystemNodeManageService$SyncServerInfoOnceTaskHandler.handle(SystemNodeManageService.java:320)
	at com.squarms.deploy.core.internal.service.SystemNodeManageService$SyncServerInfoOnceTaskHandler.handle(SystemNodeManageService.java:1)
	at com.jiuqi.dna.core.resource.ResourceService$SimpleTaskMethodHandler.handle(ResourceService.java:1)
	at com.jiuqi.dna.core.impl.ServiceBase$TaskMethodHandler.handle(ServiceBase.java:1)
	at com.jiuqi.dna.core.impl.ContextImpl.serviceHandleTask(ContextImpl.java:349)
	at com.jiuqi.dna.core.impl.AsyncTaskImpl.workDoing(AsyncTaskImpl.java:146)
	at com.jiuqi.dna.core.spi.work.Work.doWork(Work.java:345)
	at com.jiuqi.dna.core.spi.work.WorkingThread.run(WorkingThread.java:44)
java.lang.InterruptedException
	at com.jiuqi.dna.core.impl.ContextImpl.checkValid(ContextImpl.java:3602)
	at com.jiuqi.dna.core.impl.ContextImpl.internalGetList(ContextImpl.java:1958)
	at com.jiuqi.dna.core.impl.ContextImpl.getList(ContextImpl.java:1449)
	at com.squarms.deploy.core.internal.service.SystemNodeManageService.updateSystemNodeInfo(SystemNodeManageService.java:454)
	at com.squarms.deploy.core.internal.service.SystemNodeManageService.access$1(SystemNodeManageService.java:396)
	at com.squarms.deploy.core.internal.service.SystemNodeManageService$SyncServerInfoOnceTaskHandler.handle(SystemNodeManageService.java:320)
	at com.squarms.deploy.core.internal.service.SystemNodeManageService$SyncServerInfoOnceTaskHandler.handle(SystemNodeManageService.java:1)
	at com.jiuqi.dna.core.resource.ResourceService$SimpleTaskMethodHandler.handle(ResourceService.java:1)
	at com.jiuqi.dna.core.impl.ServiceBase$TaskMethodHandler.handle(ServiceBase.java:1)
	at com.jiuqi.dna.core.impl.ContextImpl.serviceHandleTask(ContextImpl.java:349)
	at com.jiuqi.dna.core.impl.AsyncTaskImpl.workDoing(AsyncTaskImpl.java:146)
	at com.jiuqi.dna.core.spi.work.Work.doWork(Work.java:345)
	at com.jiuqi.dna.core.spi.work.WorkingThread.run(WorkingThread.java:44)
java.lang.InterruptedException
	at com.jiuqi.dna.core.impl.ContextImpl.checkValid(ContextImpl.java:3602)
	at com.jiuqi.dna.core.impl.ContextImpl.internalGetList(ContextImpl.java:1958)
	at com.jiuqi.dna.core.impl.ContextImpl.getList(ContextImpl.java:1449)
	at com.squarms.deploy.core.internal.service.SystemNodeManageService.updateSystemNodeInfo(SystemNodeManageService.java:454)
	at com.squarms.deploy.core.internal.service.SystemNodeManageService.access$1(SystemNodeManageService.java:396)
	at com.squarms.deploy.core.internal.service.SystemNodeManageService$SyncServerInfoOnceTaskHandler.handle(SystemNodeManageService.java:320)
	at com.squarms.deploy.core.internal.service.SystemNodeManageService$SyncServerInfoOnceTaskHandler.handle(SystemNodeManageService.java:1)
	at com.jiuqi.dna.core.resource.ResourceService$SimpleTaskMethodHandler.handle(ResourceService.java:1)
	at com.jiuqi.dna.core.impl.ServiceBase$TaskMethodHandler.handle(ServiceBase.java:1)
	at com.jiuqi.dna.core.impl.ContextImpl.serviceHandleTask(ContextImpl.java:349)
	at com.jiuqi.dna.core.impl.AsyncTaskImpl.workDoing(AsyncTaskImpl.java:146)
	at com.jiuqi.dna.core.spi.work.Work.doWork(Work.java:345)
	at com.jiuqi.dna.core.spi.work.WorkingThread.run(WorkingThread.java:44)
java.lang.InterruptedException
	at com.jiuqi.dna.core.impl.ContextImpl.checkValid(ContextImpl.java:3602)
	at com.jiuqi.dna.core.impl.ContextImpl.internalGetList(ContextImpl.java:1958)
	at com.jiuqi.dna.core.impl.ContextImpl.getList(ContextImpl.java:1449)
	at com.squarms.deploy.core.internal.service.SystemNodeManageService.updateSystemNodeInfo(SystemNodeManageService.java:454)
	at com.squarms.deploy.core.internal.service.SystemNodeManageService.access$1(SystemNodeManageService.java:396)
	at com.squarms.deploy.core.internal.service.SystemNodeManageService$SyncServerInfoOnceTaskHandler.handle(SystemNodeManageService.java:320)
	at com.squarms.deploy.core.internal.service.SystemNodeManageService$SyncServerInfoOnceTaskHandler.handle(SystemNodeManageService.java:1)
	at com.jiuqi.dna.core.resource.ResourceService$SimpleTaskMethodHandler.handle(ResourceService.java:1)
	at com.jiuqi.dna.core.impl.ServiceBase$TaskMethodHandler.handle(ServiceBase.java:1)
	at com.jiuqi.dna.core.impl.ContextImpl.serviceHandleTask(ContextImpl.java:349)
	at com.jiuqi.dna.core.impl.AsyncTaskImpl.workDoing(AsyncTaskImpl.java:146)
	at com.jiuqi.dna.core.spi.work.Work.doWork(Work.java:345)
	at com.jiuqi.dna.core.spi.work.WorkingThread.run(WorkingThread.java:44)
java.lang.InterruptedException
	at com.jiuqi.dna.core.impl.ContextImpl.checkValid(ContextImpl.java:3602)
	at com.jiuqi.dna.core.impl.ContextImpl.internalGetList(ContextImpl.java:1958)
	at com.jiuqi.dna.core.impl.ContextImpl.getList(ContextImpl.java:1449)
	at com.squarms.deploy.core.internal.service.SystemNodeManageService.updateSystemNodeInfo(SystemNodeManageService.java:454)
	at com.squarms.deploy.core.internal.service.SystemNodeManageService.access$1(SystemNodeManageService.java:396)
	at com.squarms.deploy.core.internal.service.SystemNodeManageService$SyncServerInfoOnceTaskHandler.handle(SystemNodeManageService.java:320)
	at com.squarms.deploy.core.internal.service.SystemNodeManageService$SyncServerInfoOnceTaskHandler.handle(SystemNodeManageService.java:1)
	at com.jiuqi.dna.core.resource.ResourceService$SimpleTaskMethodHandler.handle(ResourceService.java:1)
	at com.jiuqi.dna.core.impl.ServiceBase$TaskMethodHandler.handle(ServiceBase.java:1)
	at com.jiuqi.dna.core.impl.ContextImpl.serviceHandleTask(ContextImpl.java:349)
	at com.jiuqi.dna.core.impl.AsyncTaskImpl.workDoing(AsyncTaskImpl.java:146)
	at com.jiuqi.dna.core.spi.work.Work.doWork(Work.java:345)
	at com.jiuqi.dna.core.spi.work.WorkingThread.run(WorkingThread.java:44)
三月 03, 2019 10:07:42 下午 org.apache.http.impl.execchain.RetryExec execute
信息: I/O exception (java.net.SocketException) caught when processing request to {}->http://ip.taobao.com:80: 连接超时 (Read failed)
三月 03, 2019 10:07:42 下午 org.apache.http.impl.execchain.RetryExec execute
信息: Retrying request to {}->http://ip.taobao.com:80
三月 03, 2019 10:07:58 下午 org.apache.http.impl.execchain.RetryExec execute
信息: I/O exception (java.net.SocketException) caught when processing request to {}->http://ip.taobao.com:80: Connection reset
三月 03, 2019 10:07:58 下午 org.apache.http.impl.execchain.RetryExec execute
信息: Retrying request to {}->http://ip.taobao.com:80
