Listening for transport dt_socket at address: 5001
2019-03-03 23:03:24.592: DNA 启动...开始
2019-03-03 23:03:24.593: DNA 启动...java version "1.8.0_111"
2019-03-03 23:03:24.593: DNA 启动...Java(TM) SE Runtime Environment (build 1.8.0_111-b14)
2019-03-03 23:03:24.593: DNA 启动...Java HotSpot(TM) 64-Bit Server VM (build 25.111-b14, mixed mode)
2019-03-03 23:03:24.595: DNA 启动...应用ID：A9F8CD213E0A8F3DEFF039C4BD865DD6
2019-03-03 23:03:25.015: DNA 启动...注册JDBC驱动[MySQLDriver5]，驱动版本[5.1]
2019-03-03 23:03:25.119: DNA 启动...注册JDBC驱动[DB2Driver9]，驱动版本[3.1]
2019-03-03 23:03:25.216: DNA 启动...注册JDBC驱动[OracleDriver11]，驱动版本[11.1]
log4j:WARN No appenders could be found for logger (org.eclipse.jetty.util.log).
log4j:WARN Please initialize the log4j system properly.
java.lang.ClassNotFoundException: class in bundle[com.squarms.xoms.deploy.ui] not found: com.squarms.xoms.deploy.ui.XOMSConsoleEntry2
	at com.jiuqi.dna.core.impl.BundleStub.loadClass(BundleStub.java:135)
	at com.jiuqi.dna.ui.wt.internal.UIEntryInfo.<init>(UIEntryFactory.java:65)
	at com.jiuqi.dna.ui.wt.internal.UIEntryFactory.parseElement(UIEntryFactory.java:47)
	at com.jiuqi.dna.ui.wt.internal.UIEntryFactory.parseElement(UIEntryFactory.java:1)
	at com.jiuqi.dna.core.spi.publish.NamedFactory.parseElement(NamedFactory.java:1)
	at com.jiuqi.dna.core.impl.PublishedElementGatherer.gatherElement(PublishedElementGatherer.java:51)
	at com.jiuqi.dna.core.impl.PublishedElementGathererGroup.gatherElement(PublishedElementGathererGroup.java:33)
	at com.jiuqi.dna.core.impl.BundleStub.gatherElement(BundleStub.java:66)
	at com.jiuqi.dna.core.impl.Site.doInit(Site.java:107)
	at com.jiuqi.dna.core.impl.Site.active(Site.java:200)
	at com.jiuqi.dna.core.impl.ApplicationImpl.<init>(ApplicationImpl.java:354)
	at com.jiuqi.dna.core.impl.ApplicationImpl.startApp(ApplicationImpl.java:655)
	at com.jiuqi.dna.core.impl.ApplicationLauncherImpl.launch(ApplicationLauncherImpl.java:28)
	at com.jiuqi.dna.core.impl.ApplicationLauncherImpl.launch(ApplicationLauncherImpl.java:1)
	at com.jiuqi.dna.core.jetty.AppLauncherTracker.addingService(AppLauncherTracker.java:29)
	at com.jiuqi.dna.core.jetty.AppLauncherTracker.addingService(AppLauncherTracker.java:1)
	at org.osgi.util.tracker.ServiceTracker$Tracked.customizerAdding(ServiceTracker.java:932)
	at org.osgi.util.tracker.ServiceTracker$Tracked.customizerAdding(ServiceTracker.java:1)
	at org.osgi.util.tracker.AbstractTracked.trackAdding(AbstractTracked.java:256)
	at org.osgi.util.tracker.AbstractTracked.trackInitial(AbstractTracked.java:183)
	at org.osgi.util.tracker.ServiceTracker.open(ServiceTracker.java:317)
	at org.osgi.util.tracker.ServiceTracker.open(ServiceTracker.java:261)
	at com.jiuqi.dna.core.jetty.Activator.start(Activator.java:30)
	at org.eclipse.osgi.framework.internal.core.BundleContextImpl$1.run(BundleContextImpl.java:711)
	at java.security.AccessController.doPrivileged(Native Method)
	at org.eclipse.osgi.framework.internal.core.BundleContextImpl.startActivator(BundleContextImpl.java:702)
	at org.eclipse.osgi.framework.internal.core.BundleContextImpl.start(BundleContextImpl.java:683)
	at org.eclipse.osgi.framework.internal.core.BundleHost.startWorker(BundleHost.java:381)
	at org.eclipse.osgi.framework.internal.core.AbstractBundle.resume(AbstractBundle.java:390)
	at org.eclipse.osgi.framework.internal.core.Framework.resumeBundle(Framework.java:1177)
	at org.eclipse.osgi.framework.internal.core.StartLevelManager.resumeBundles(StartLevelManager.java:559)
	at org.eclipse.osgi.framework.internal.core.StartLevelManager.resumeBundles(StartLevelManager.java:544)
	at org.eclipse.osgi.framework.internal.core.StartLevelManager.incFWSL(StartLevelManager.java:457)
	at org.eclipse.osgi.framework.internal.core.StartLevelManager.doSetStartLevel(StartLevelManager.java:243)
	at org.eclipse.osgi.framework.internal.core.StartLevelManager.dispatchEvent(StartLevelManager.java:438)
	at org.eclipse.osgi.framework.internal.core.StartLevelManager.dispatchEvent(StartLevelManager.java:1)
	at org.eclipse.osgi.framework.eventmgr.EventManager.dispatchEvent(EventManager.java:230)
	at org.eclipse.osgi.framework.eventmgr.EventManager$EventThread.run(EventManager.java:340)
Caused by: java.lang.ClassNotFoundException: com.squarms.xoms.deploy.ui.XOMSConsoleEntry2
	at org.eclipse.osgi.internal.loader.BundleLoader.findClassInternal(BundleLoader.java:501)
	at org.eclipse.osgi.internal.loader.BundleLoader.findClass(BundleLoader.java:421)
	at org.eclipse.osgi.internal.loader.BundleLoader.findClass(BundleLoader.java:412)
	at org.eclipse.osgi.internal.baseadaptor.DefaultClassLoader.loadClass(DefaultClassLoader.java:107)
	at java.lang.ClassLoader.loadClass(ClassLoader.java:357)
	at org.eclipse.osgi.internal.loader.BundleLoader.loadClass(BundleLoader.java:340)
	at org.eclipse.osgi.framework.internal.core.BundleHost.loadClass(BundleHost.java:229)
	at org.eclipse.osgi.framework.internal.core.AbstractBundle.loadClass(AbstractBundle.java:1212)
	at com.jiuqi.dna.core.impl.BundleStub.loadClass(BundleStub.java:133)
	... 37 more
java.lang.ClassNotFoundException: class in bundle[com.squarms.xoms.deploy.ui] not found: com.squarms.xoms.deploy.ui.subsystem.PackageManagePage
	at com.jiuqi.dna.core.impl.BundleStub.loadClass(BundleStub.java:135)
	at com.jiuqi.dna.ui.wt.internal.PageInfo.<init>(PageInfo.java:16)
	at com.jiuqi.dna.ui.wt.internal.PageFactory.parseElement(PageFactory.java:48)
	at com.jiuqi.dna.ui.wt.internal.PageFactory.parseElement(PageFactory.java:1)
	at com.jiuqi.dna.core.spi.publish.NamedFactory.parseElement(NamedFactory.java:1)
	at com.jiuqi.dna.core.impl.PublishedElementGatherer.gatherElement(PublishedElementGatherer.java:51)
	at com.jiuqi.dna.core.impl.PublishedElementGathererGroup.gatherElement(PublishedElementGathererGroup.java:33)
	at com.jiuqi.dna.core.impl.BundleStub.gatherElement(BundleStub.java:66)
	at com.jiuqi.dna.core.impl.Site.doInit(Site.java:107)
	at com.jiuqi.dna.core.impl.Site.active(Site.java:200)
	at com.jiuqi.dna.core.impl.ApplicationImpl.<init>(ApplicationImpl.java:354)
	at com.jiuqi.dna.core.impl.ApplicationImpl.startApp(ApplicationImpl.java:655)
	at com.jiuqi.dna.core.impl.ApplicationLauncherImpl.launch(ApplicationLauncherImpl.java:28)
	at com.jiuqi.dna.core.impl.ApplicationLauncherImpl.launch(ApplicationLauncherImpl.java:1)
	at com.jiuqi.dna.core.jetty.AppLauncherTracker.addingService(AppLauncherTracker.java:29)
	at com.jiuqi.dna.core.jetty.AppLauncherTracker.addingService(AppLauncherTracker.java:1)
	at org.osgi.util.tracker.ServiceTracker$Tracked.customizerAdding(ServiceTracker.java:932)
	at org.osgi.util.tracker.ServiceTracker$Tracked.customizerAdding(ServiceTracker.java:1)
	at org.osgi.util.tracker.AbstractTracked.trackAdding(AbstractTracked.java:256)
	at org.osgi.util.tracker.AbstractTracked.trackInitial(AbstractTracked.java:183)
	at org.osgi.util.tracker.ServiceTracker.open(ServiceTracker.java:317)
	at org.osgi.util.tracker.ServiceTracker.open(ServiceTracker.java:261)
	at com.jiuqi.dna.core.jetty.Activator.start(Activator.java:30)
	at org.eclipse.osgi.framework.internal.core.BundleContextImpl$1.run(BundleContextImpl.java:711)
	at java.security.AccessController.doPrivileged(Native Method)
	at org.eclipse.osgi.framework.internal.core.BundleContextImpl.startActivator(BundleContextImpl.java:702)
	at org.eclipse.osgi.framework.internal.core.BundleContextImpl.start(BundleContextImpl.java:683)
	at org.eclipse.osgi.framework.internal.core.BundleHost.startWorker(BundleHost.java:381)
	at org.eclipse.osgi.framework.internal.core.AbstractBundle.resume(AbstractBundle.java:390)
	at org.eclipse.osgi.framework.internal.core.Framework.resumeBundle(Framework.java:1177)
	at org.eclipse.osgi.framework.internal.core.StartLevelManager.resumeBundles(StartLevelManager.java:559)
	at org.eclipse.osgi.framework.internal.core.StartLevelManager.resumeBundles(StartLevelManager.java:544)
	at org.eclipse.osgi.framework.internal.core.StartLevelManager.incFWSL(StartLevelManager.java:457)
	at org.eclipse.osgi.framework.internal.core.StartLevelManager.doSetStartLevel(StartLevelManager.java:243)
	at org.eclipse.osgi.framework.internal.core.StartLevelManager.dispatchEvent(StartLevelManager.java:438)
	at org.eclipse.osgi.framework.internal.core.StartLevelManager.dispatchEvent(StartLevelManager.java:1)
	at org.eclipse.osgi.framework.eventmgr.EventManager.dispatchEvent(EventManager.java:230)
	at org.eclipse.osgi.framework.eventmgr.EventManager$EventThread.run(EventManager.java:340)
Caused by: java.lang.ClassNotFoundException: com.squarms.xoms.deploy.ui.subsystem.PackageManagePage
	at org.eclipse.osgi.internal.loader.BundleLoader.findClassInternal(BundleLoader.java:501)
	at org.eclipse.osgi.internal.loader.BundleLoader.findClass(BundleLoader.java:421)
	at org.eclipse.osgi.internal.loader.BundleLoader.findClass(BundleLoader.java:412)
	at org.eclipse.osgi.internal.baseadaptor.DefaultClassLoader.loadClass(DefaultClassLoader.java:107)
	at java.lang.ClassLoader.loadClass(ClassLoader.java:357)
	at org.eclipse.osgi.internal.loader.BundleLoader.loadClass(BundleLoader.java:340)
	at org.eclipse.osgi.framework.internal.core.BundleHost.loadClass(BundleHost.java:229)
	at org.eclipse.osgi.framework.internal.core.AbstractBundle.loadClass(AbstractBundle.java:1212)
	at com.jiuqi.dna.core.impl.BundleStub.loadClass(BundleStub.java:133)
	... 37 more
2019-03-03 23:03:27.577: DNA 启动...实例化信息定义
2019-03-03 23:03:27.591: DNA 启动...装载多语言信息
2019-03-03 23:03:27.591: DNA 启动...准备启动站点
2019-03-03 23:03:27.592: DNA 启动...实例化表定义
2019-03-03 23:03:27.691: DNA 启动...确定表定义对其他元素的引用
2019-03-03 23:03:27.698: DNA 启动...实例化ORM定义
2019-03-03 23:03:27.723: DNA 启动...确定ORM定义对其他元素的引用
2019-03-03 23:03:27.724: DNA 启动...初始化ORM定义
2019-03-03 23:03:27.724: DNA 启动...实例化模型脚本引擎
2019-03-03 23:03:27.739: DNA 启动...初始化群集资源模式
2019-03-03 23:03:27.740: DNA 启动...实例化服务对象
2019-03-03 23:03:27.878: DNA 启动...注册服务调用器
2019-03-03 23:03:28.447: DNA 启动...确定资源定位信息
2019-03-03 23:03:28.447: DNA 启动...确定资源引用信息
2019-03-03 23:03:28.448: DNA 启动...初始化资源
2019-03-03 23:03:28.535: DNA 启动...半启用日志管理器
2019-03-03 23:03:28.535: DNA 启动...初始化服务
SLF4J: Failed to load class "org.slf4j.impl.StaticLoggerBinder".
SLF4J: Defaulting to no-operation (NOP) logger implementation
SLF4J: See http://www.slf4j.org/codes.html#StaticLoggerBinder for further details.
2019-03-03 23:03:28.684: DNA 启动...启用日志管理器
2019-03-03 23:03:28.685: DNA 启动...站点启动完成
2019-03-03 23:03:28.685: DNA 启动...完毕
osgi> 